Using pre-set license
Built from '2020.3/staging' branch; Version is '2020.3.19f1 (68f137dc9bbe) revision 6877495'; Using compiler version '192528614'; Build Type 'Release'
OS: 'Windows 10 Home; OS build 19043.1237; Version 2009; 64bit' Language: 'fr' Physical Memory: 16261 MB
BatchMode: 1, IsHumanControllingUs: 0, StartBugReporterOnCrash: 0, Is64bit: 1, IsPro: 0

COMMAND LINE ARGUMENTS:
C:\Program Files\Unity\Hub\Editor\2020.3.19f1\Editor\Unity.exe
-adb2
-batchMode
-noUpm
-name
AssetImportWorker0
-projectPath
C:/Users/maxo9/Documents/GitHub/groupe2_PROGJVAVANCEE_4A/bomberman
-logFile
Logs/AssetImportWorker0.log
-srvPort
53206
Successfully changed project path to: C:/Users/maxo9/Documents/GitHub/groupe2_PROGJVAVANCEE_4A/bomberman
C:/Users/maxo9/Documents/GitHub/groupe2_PROGJVAVANCEE_4A/bomberman
Using Asset Import Pipeline V2.
Refreshing native plugins compatible for Editor in 56.27 ms, found 2 plugins.
Preloading 0 native plugins for Editor in 0.00 ms.
Initialize engine version: 2020.3.19f1 (68f137dc9bbe)
[Subsystems] Discovering subsystems at path C:/Program Files/Unity/Hub/Editor/2020.3.19f1/Editor/Data/Resources/UnitySubsystems
[Subsystems] Discovering subsystems at path C:/Users/maxo9/Documents/GitHub/groupe2_PROGJVAVANCEE_4A/bomberman/Assets
GfxDevice: creating device client; threaded=0
Direct3D:
    Version:  Direct3D 11.0 [level 11.1]
    Renderer: NVIDIA GeForce RTX 2060 (ID=0x1f11)
    Vendor:   
    VRAM:     5980 MB
    Driver:   30.0.14.7212
Initialize mono
Mono path[0] = 'C:/Program Files/Unity/Hub/Editor/2020.3.19f1/Editor/Data/Managed'
Mono path[1] = 'C:/Program Files/Unity/Hub/Editor/2020.3.19f1/Editor/Data/MonoBleedingEdge/lib/mono/unityjit'
Mono config path = 'C:/Program Files/Unity/Hub/Editor/2020.3.19f1/Editor/Data/MonoBleedingEdge/etc'
Using monoOptions --debugger-agent=transport=dt_socket,embedding=1,server=y,suspend=n,address=127.0.0.1:56996
Begin MonoManager ReloadAssembly
Registering precompiled unity dll's ...
Register platform support module: C:/Program Files/Unity/Hub/Editor/2020.3.19f1/Editor/Data/PlaybackEngines/WindowsStandaloneSupport/UnityEditor.WindowsStandalone.Extensions.dll
Registered in 0.007177 seconds.
Native extension for WindowsStandalone target not found
Refreshing native plugins compatible for Editor in 107.08 ms, found 2 plugins.
Preloading 0 native plugins for Editor in 0.00 ms.
Mono: successfully reloaded assembly
- Completed reload, in  3.005 seconds
Domain Reload Profiling:
	ReloadAssembly (3006ms)
		BeginReloadAssembly (89ms)
			ExecutionOrderSort (0ms)
			DisableScriptedObjects (0ms)
			BackupInstance (0ms)
			ReleaseScriptingObjects (0ms)
			CreateAndSetChildDomain (1ms)
		EndReloadAssembly (1479ms)
			LoadAssemblies (85ms)
			RebuildTransferFunctionScriptingTraits (0ms)
			SetupTypeCache (497ms)
			ReleaseScriptCaches (0ms)
			RebuildScriptCaches (132ms)
			SetupLoadedEditorAssemblies (611ms)
				LogAssemblyErrors (0ms)
				InitializePlatformSupportModulesInManaged (15ms)
				SetLoadedEditorAssemblies (1ms)
				RefreshPlugins (107ms)
				BeforeProcessingInitializeOnLoad (19ms)
				ProcessInitializeOnLoadAttributes (321ms)
				ProcessInitializeOnLoadMethodAttributes (148ms)
				AfterProcessingInitializeOnLoad (0ms)
				EditorAssembliesLoaded (1ms)
			ExecutionOrderSort2 (0ms)
			AwakeInstancesAfterBackupRestoration (0ms)
Platform modules already initialized, skipping
Registering precompiled user dll's ...
Registered in 0.008000 seconds.
Begin MonoManager ReloadAssembly
Symbol file data-00000234FA6F3030 doesn't match image C:\Users\maxo9\Documents\GitHub\groupe2_PROGJVAVANCEE_4A\bomberman\Library\ScriptAssemblies\Unity.VSCode.Editor.dll
Symbol file LoadedFromMemory is not a mono symbol file
Symbol file data-00000234FA43FD80 doesn't match image C:\Users\maxo9\Documents\GitHub\groupe2_PROGJVAVANCEE_4A\bomberman\Library\ScriptAssemblies\Unity.TextMeshPro.Editor.dll
Symbol file LoadedFromMemory is not a mono symbol file
Symbol file data-00000234F4C75350 doesn't match image C:\Users\maxo9\Documents\GitHub\groupe2_PROGJVAVANCEE_4A\bomberman\Library\ScriptAssemblies\Unity.VisualStudio.Editor.dll
Symbol file LoadedFromMemory is not a mono symbol file
Symbol file data-00000234FA7A1620 doesn't match image C:\Users\maxo9\Documents\GitHub\groupe2_PROGJVAVANCEE_4A\bomberman\Library\ScriptAssemblies\UnityEngine.TestRunner.dll
Symbol file LoadedFromMemory is not a mono symbol file
Symbol file data-00000234F4BBBDF0 doesn't match image C:\Users\maxo9\Documents\GitHub\groupe2_PROGJVAVANCEE_4A\bomberman\Library\ScriptAssemblies\Unity.Timeline.Editor.dll
Symbol file LoadedFromMemory is not a mono symbol file
Symbol file data-00000234FA7A1620 doesn't match image C:\Users\maxo9\Documents\GitHub\groupe2_PROGJVAVANCEE_4A\bomberman\Library\ScriptAssemblies\Unity.Timeline.dll
Symbol file LoadedFromMemory is not a mono symbol file
Symbol file data-00000234F4A6B390 doesn't match image C:\Users\maxo9\Documents\GitHub\groupe2_PROGJVAVANCEE_4A\bomberman\Library\ScriptAssemblies\Unity.TextMeshPro.dll
Symbol file LoadedFromMemory is not a mono symbol file
Symbol file data-00000234FA7A1620 doesn't match image C:\Users\maxo9\Documents\GitHub\groupe2_PROGJVAVANCEE_4A\bomberman\Library\ScriptAssemblies\Unity.CollabProxy.Editor.dll
Symbol file LoadedFromMemory is not a mono symbol file
Symbol file data-00000234FA43FD80 doesn't match image C:\Users\maxo9\Documents\GitHub\groupe2_PROGJVAVANCEE_4A\bomberman\Library\ScriptAssemblies\UnityEditor.TestRunner.dll
Symbol file LoadedFromMemory is not a mono symbol file
Symbol file data-00000234F4C75350 doesn't match image C:\Users\maxo9\Documents\GitHub\groupe2_PROGJVAVANCEE_4A\bomberman\Library\ScriptAssemblies\UnityEditor.UI.dll
Symbol file LoadedFromMemory is not a mono symbol file
Symbol file data-00000234F4BBBDF0 doesn't match image C:\Users\maxo9\Documents\GitHub\groupe2_PROGJVAVANCEE_4A\bomberman\Library\ScriptAssemblies\Unity.PlasticSCM.Editor.dll
Symbol file LoadedFromMemory is not a mono symbol file
Symbol file data-00000234F907C750 doesn't match image C:\Users\maxo9\Documents\GitHub\groupe2_PROGJVAVANCEE_4A\bomberman\Library\ScriptAssemblies\Unity.Rider.Editor.dll
Symbol file LoadedFromMemory is not a mono symbol file
Symbol file data-00000234F9259420 doesn't match image C:\Users\maxo9\Documents\GitHub\groupe2_PROGJVAVANCEE_4A\bomberman\Library\ScriptAssemblies\UnityEngine.UI.dll
Symbol file LoadedFromMemory is not a mono symbol file
Native extension for WindowsStandalone target not found
Refreshing native plugins compatible for Editor in 1.51 ms, found 2 plugins.
Preloading 0 native plugins for Editor in 0.00 ms.
Mono: successfully reloaded assembly
- Completed reload, in  2.865 seconds
Domain Reload Profiling:
	ReloadAssembly (2867ms)
		BeginReloadAssembly (262ms)
			ExecutionOrderSort (0ms)
			DisableScriptedObjects (7ms)
			BackupInstance (0ms)
			ReleaseScriptingObjects (0ms)
			CreateAndSetChildDomain (27ms)
		EndReloadAssembly (2479ms)
			LoadAssemblies (193ms)
			RebuildTransferFunctionScriptingTraits (0ms)
			SetupTypeCache (774ms)
			ReleaseScriptCaches (1ms)
			RebuildScriptCaches (75ms)
			SetupLoadedEditorAssemblies (1200ms)
				LogAssemblyErrors (0ms)
				InitializePlatformSupportModulesInManaged (29ms)
				SetLoadedEditorAssemblies (2ms)
				RefreshPlugins (2ms)
				BeforeProcessingInitializeOnLoad (324ms)
				ProcessInitializeOnLoadAttributes (790ms)
				ProcessInitializeOnLoadMethodAttributes (20ms)
				AfterProcessingInitializeOnLoad (34ms)
				EditorAssembliesLoaded (1ms)
			ExecutionOrderSort2 (0ms)
			AwakeInstancesAfterBackupRestoration (19ms)
Platform modules already initialized, skipping
========================================================================
Worker process is ready to serve import requests
Launched and connected shader compiler UnityShaderCompiler.exe after 0.14 seconds
Refreshing native plugins compatible for Editor in 0.35 ms, found 2 plugins.
Preloading 0 native plugins for Editor in 0.00 ms.
Unloading 1429 Unused Serialized files (Serialized files now loaded: 0)
System memory in use before: 67.8 MB.
System memory in use after: 67.8 MB.

Unloading 16 unused Assets to reduce memory usage. Loaded Objects now: 1866.
Total: 3.757300 ms (FindLiveObjects: 0.266700 ms CreateObjectMapping: 0.075100 ms MarkObjects: 3.333900 ms  DeleteObjects: 0.080000 ms)

AssetImportParameters requested are different than current active one (requested -> active):
  custom:framework-win-MediaFoundation: 216162199b28c13a410421893ffa2e32 -> 
  custom:video-decoder-ogg-theora: a1e56fd34408186e4bbccfd4996cb3dc -> 
  custom:container-muxer-webm: aa71ff27fc2769a1b78a27578f13a17b -> 
  custom:container-demuxer-webm: 4f35f7cbe854078d1ac9338744f61a02 -> 
  custom:container-demuxer-ogg: 62fdf1f143b41e24485cea50d1cbac27 -> 
  custom:video-encoder-webm-vp8: eb34c28f22e8b96e1ab97ce403110664 -> 
  custom:video-codec-MediaFoundation-h265: 746d11721c4dcdbdad8f713fa42b33f4 -> 
  custom:video-decoder-webm-vp8: 9c59270c3fd7afecdb556c50c9e8de78 -> 
  custom:audio-decoder-ogg-vorbis: bf7c407c2cedff20999df2af8eb42d56 -> 
  custom:audio-encoder-webm-vorbis: bf7c407c2cedff20999df2af8eb42d56 -> 
========================================================================
Received Import Request.
  path: Assets/MainMixer.mixer
  artifactKey: Guid(fdc88a42fc93e1a4a8b1e128eb023460) Importer(815301076,1909f56bfc062723c751e8b465ee728b)
Start importing Assets/MainMixer.mixer using Guid(fdc88a42fc93e1a4a8b1e128eb023460) Importer(815301076,1909f56bfc062723c751e8b465ee728b)  -> (artifact id: '2e0c75df349d6fca6225e7f282ab0a45') in 0.050846 seconds 
  Import took 0.054301 seconds .

========================================================================
Received Import Request.
  Time since last request: 0.000256 seconds.
  path: Assets/Scenes
  artifactKey: Guid(a4c0ec5c8b64fc24aad7a8f12486059f) Importer(815301076,1909f56bfc062723c751e8b465ee728b)
Start importing Assets/Scenes using Guid(a4c0ec5c8b64fc24aad7a8f12486059f) Importer(815301076,1909f56bfc062723c751e8b465ee728b)  -> (artifact id: '0b059e5b60afafb0e0695f32bc29d3f4') in 0.009936 seconds 
  Import took 0.013962 seconds .

========================================================================
Received Import Request.
  Time since last request: 0.797846 seconds.
  path: Assets/Scenes/MainGame.unity
  artifactKey: Guid(9fc0d4010bbf28b4594072e72b8655ab) Importer(815301076,1909f56bfc062723c751e8b465ee728b)
Start importing Assets/Scenes/MainGame.unity using Guid(9fc0d4010bbf28b4594072e72b8655ab) Importer(815301076,1909f56bfc062723c751e8b465ee728b)  -> (artifact id: '4e793ec14aa9d16d865331d5b986c66e') in 0.011272 seconds 
  Import took 0.015630 seconds .

========================================================================
Received Import Request.
  Time since last request: 172.979073 seconds.
  path: Assets/Scenes/Menu.unity
  artifactKey: Guid(22747583c1a00104e9367c40fcdcb3af) Importer(815301076,1909f56bfc062723c751e8b465ee728b)
Start importing Assets/Scenes/Menu.unity using Guid(22747583c1a00104e9367c40fcdcb3af) Importer(815301076,1909f56bfc062723c751e8b465ee728b)  -> (artifact id: 'e592e39ad31fc52d0b2f2839d17e7b2b') in 0.015376 seconds 
  Import took 0.021748 seconds .

========================================================================
Received Prepare
Registering precompiled user dll's ...
Registered in 0.005909 seconds.
Begin MonoManager ReloadAssembly
Symbol file data-00000234F4C79360 doesn't match image C:\Users\maxo9\Documents\GitHub\groupe2_PROGJVAVANCEE_4A\bomberman\Library\ScriptAssemblies\Unity.VSCode.Editor.dll
Symbol file LoadedFromMemory is not a mono symbol file
Symbol file data-00000234FD593030 doesn't match image C:\Users\maxo9\Documents\GitHub\groupe2_PROGJVAVANCEE_4A\bomberman\Library\ScriptAssemblies\Unity.TextMeshPro.Editor.dll
Symbol file LoadedFromMemory is not a mono symbol file
Symbol file data-00000234F525C020 doesn't match image C:\Users\maxo9\Documents\GitHub\groupe2_PROGJVAVANCEE_4A\bomberman\Library\ScriptAssemblies\Unity.VisualStudio.Editor.dll
Symbol file LoadedFromMemory is not a mono symbol file
Symbol file data-00000234F94F3020 doesn't match image C:\Users\maxo9\Documents\GitHub\groupe2_PROGJVAVANCEE_4A\bomberman\Library\ScriptAssemblies\UnityEngine.TestRunner.dll
Symbol file LoadedFromMemory is not a mono symbol file
Symbol file data-00000234F9259420 doesn't match image C:\Users\maxo9\Documents\GitHub\groupe2_PROGJVAVANCEE_4A\bomberman\Library\ScriptAssemblies\Unity.Timeline.Editor.dll
Symbol file LoadedFromMemory is not a mono symbol file
Symbol file data-00000234FCE8C020 doesn't match image C:\Users\maxo9\Documents\GitHub\groupe2_PROGJVAVANCEE_4A\bomberman\Library\ScriptAssemblies\Unity.Timeline.dll
Symbol file LoadedFromMemory is not a mono symbol file
Symbol file data-00000234F4A6B390 doesn't match image C:\Users\maxo9\Documents\GitHub\groupe2_PROGJVAVANCEE_4A\bomberman\Library\ScriptAssemblies\Unity.TextMeshPro.dll
Symbol file LoadedFromMemory is not a mono symbol file
Symbol file data-00000234F94F3020 doesn't match image C:\Users\maxo9\Documents\GitHub\groupe2_PROGJVAVANCEE_4A\bomberman\Library\ScriptAssemblies\Unity.CollabProxy.Editor.dll
Symbol file LoadedFromMemory is not a mono symbol file
Symbol file data-00000234F946B020 doesn't match image C:\Users\maxo9\Documents\GitHub\groupe2_PROGJVAVANCEE_4A\bomberman\Library\ScriptAssemblies\UnityEditor.TestRunner.dll
Symbol file LoadedFromMemory is not a mono symbol file
Symbol file data-00000234FCBBDA30 doesn't match image C:\Users\maxo9\Documents\GitHub\groupe2_PROGJVAVANCEE_4A\bomberman\Library\ScriptAssemblies\UnityEditor.UI.dll
Symbol file LoadedFromMemory is not a mono symbol file
Symbol file data-00000234F8F64020 doesn't match image C:\Users\maxo9\Documents\GitHub\groupe2_PROGJVAVANCEE_4A\bomberman\Library\ScriptAssemblies\Unity.PlasticSCM.Editor.dll
Symbol file LoadedFromMemory is not a mono symbol file
Symbol file data-00000234FCBBDA30 doesn't match image C:\Users\maxo9\Documents\GitHub\groupe2_PROGJVAVANCEE_4A\bomberman\Library\ScriptAssemblies\Unity.Rider.Editor.dll
Symbol file LoadedFromMemory is not a mono symbol file
Symbol file data-00000234FA78C010 doesn't match image C:\Users\maxo9\Documents\GitHub\groupe2_PROGJVAVANCEE_4A\bomberman\Library\ScriptAssemblies\UnityEngine.UI.dll
Symbol file LoadedFromMemory is not a mono symbol file
Native extension for WindowsStandalone target not found
Refreshing native plugins compatible for Editor in 1.08 ms, found 2 plugins.
Preloading 0 native plugins for Editor in 0.00 ms.
Mono: successfully reloaded assembly
- Completed reload, in  2.095 seconds
Domain Reload Profiling:
	ReloadAssembly (2096ms)
		BeginReloadAssembly (156ms)
			ExecutionOrderSort (0ms)
			DisableScriptedObjects (8ms)
			BackupInstance (0ms)
			ReleaseScriptingObjects (0ms)
			CreateAndSetChildDomain (45ms)
		EndReloadAssembly (1802ms)
			LoadAssemblies (179ms)
			RebuildTransferFunctionScriptingTraits (0ms)
			SetupTypeCache (668ms)
			ReleaseScriptCaches (1ms)
			RebuildScriptCaches (65ms)
			SetupLoadedEditorAssemblies (622ms)
				LogAssemblyErrors (0ms)
				InitializePlatformSupportModulesInManaged (13ms)
				SetLoadedEditorAssemblies (1ms)
				RefreshPlugins (1ms)
				BeforeProcessingInitializeOnLoad (205ms)
				ProcessInitializeOnLoadAttributes (384ms)
				ProcessInitializeOnLoadMethodAttributes (6ms)
				AfterProcessingInitializeOnLoad (10ms)
				EditorAssembliesLoaded (0ms)
			ExecutionOrderSort2 (0ms)
			AwakeInstancesAfterBackupRestoration (10ms)
Platform modules already initialized, skipping
Refreshing native plugins compatible for Editor in 1.08 ms, found 2 plugins.
Preloading 0 native plugins for Editor in 0.00 ms.
Unloading 1410 Unused Serialized files (Serialized files now loaded: 0)
System memory in use before: 66.3 MB.
System memory in use after: 66.4 MB.

Unloading 11 unused Assets to reduce memory usage. Loaded Objects now: 1868.
Total: 8.292200 ms (FindLiveObjects: 0.549000 ms CreateObjectMapping: 0.203600 ms MarkObjects: 7.484100 ms  DeleteObjects: 0.052200 ms)

AssetImportParameters requested are different than current active one (requested -> active):
  custom:framework-win-MediaFoundation: 216162199b28c13a410421893ffa2e32 -> 
  custom:video-decoder-ogg-theora: a1e56fd34408186e4bbccfd4996cb3dc -> 
  custom:container-muxer-webm: aa71ff27fc2769a1b78a27578f13a17b -> 
  custom:container-demuxer-webm: 4f35f7cbe854078d1ac9338744f61a02 -> 
  custom:container-demuxer-ogg: 62fdf1f143b41e24485cea50d1cbac27 -> 
  custom:video-encoder-webm-vp8: eb34c28f22e8b96e1ab97ce403110664 -> 
  custom:video-codec-MediaFoundation-h265: 746d11721c4dcdbdad8f713fa42b33f4 -> 
  custom:video-decoder-webm-vp8: 9c59270c3fd7afecdb556c50c9e8de78 -> 
  custom:audio-decoder-ogg-vorbis: bf7c407c2cedff20999df2af8eb42d56 -> 
  custom:audio-encoder-webm-vorbis: bf7c407c2cedff20999df2af8eb42d56 -> 
========================================================================
Received Import Request.
  Time since last request: 749.144985 seconds.
  path: Assets/Scripts/ExplosionColliderScript.cs
  artifactKey: Guid(463ada9f22436fb4eb5c51da5b542b02) Importer(815301076,1909f56bfc062723c751e8b465ee728b)
Start importing Assets/Scripts/ExplosionColliderScript.cs using Guid(463ada9f22436fb4eb5c51da5b542b02) Importer(815301076,1909f56bfc062723c751e8b465ee728b)  -> (artifact id: 'e5b27a92963be0a238a920b495d46d88') in 0.036401 seconds 
  Import took 0.043328 seconds .

========================================================================
Received Import Request.
  Time since last request: 4.173181 seconds.
  path: Assets/Scripts/CharacterControllerScript.cs
  artifactKey: Guid(e29f0047c8fed8941ac619fc117cf775) Importer(815301076,1909f56bfc062723c751e8b465ee728b)
Start importing Assets/Scripts/CharacterControllerScript.cs using Guid(e29f0047c8fed8941ac619fc117cf775) Importer(815301076,1909f56bfc062723c751e8b465ee728b)  -> (artifact id: '662073924fd082f17282157d9d4e1e12') in 0.029334 seconds 
  Import took 0.040267 seconds .

========================================================================
Received Import Request.
  Time since last request: 644.869333 seconds.
  path: Assets/Scripts/CharacterControllerScript.cs
  artifactKey: Guid(e29f0047c8fed8941ac619fc117cf775) Importer(815301076,1909f56bfc062723c751e8b465ee728b)
Start importing Assets/Scripts/CharacterControllerScript.cs using Guid(e29f0047c8fed8941ac619fc117cf775) Importer(815301076,1909f56bfc062723c751e8b465ee728b)  -> (artifact id: '478f94cf8cb3bdb30d95a6c6270dcf50') in 0.010423 seconds 
  Import took 0.014354 seconds .

========================================================================
Received Prepare
Registering precompiled user dll's ...
Registered in 0.004739 seconds.
Begin MonoManager ReloadAssembly
Symbol file data-00000234F49A7080 doesn't match image C:\Users\maxo9\Documents\GitHub\groupe2_PROGJVAVANCEE_4A\bomberman\Library\ScriptAssemblies\Unity.VSCode.Editor.dll
Symbol file LoadedFromMemory is not a mono symbol file
Symbol file data-000002351F0D2A50 doesn't match image C:\Users\maxo9\Documents\GitHub\groupe2_PROGJVAVANCEE_4A\bomberman\Library\ScriptAssemblies\Unity.TextMeshPro.Editor.dll
Symbol file LoadedFromMemory is not a mono symbol file
Symbol file data-00000234F4C75350 doesn't match image C:\Users\maxo9\Documents\GitHub\groupe2_PROGJVAVANCEE_4A\bomberman\Library\ScriptAssemblies\Unity.VisualStudio.Editor.dll
Symbol file LoadedFromMemory is not a mono symbol file
Symbol file data-00000234F94F3020 doesn't match image C:\Users\maxo9\Documents\GitHub\groupe2_PROGJVAVANCEE_4A\bomberman\Library\ScriptAssemblies\UnityEngine.TestRunner.dll
Symbol file LoadedFromMemory is not a mono symbol file
Symbol file data-00000234FE15F2D0 doesn't match image C:\Users\maxo9\Documents\GitHub\groupe2_PROGJVAVANCEE_4A\bomberman\Library\ScriptAssemblies\Unity.Timeline.Editor.dll
Symbol file LoadedFromMemory is not a mono symbol file
Symbol file data-00000234F4CFB010 doesn't match image C:\Users\maxo9\Documents\GitHub\groupe2_PROGJVAVANCEE_4A\bomberman\Library\ScriptAssemblies\Unity.Timeline.dll
Symbol file LoadedFromMemory is not a mono symbol file
Symbol file data-00000234F9381010 doesn't match image C:\Users\maxo9\Documents\GitHub\groupe2_PROGJVAVANCEE_4A\bomberman\Library\ScriptAssemblies\Unity.TextMeshPro.dll
Symbol file LoadedFromMemory is not a mono symbol file
Symbol file data-00000234F94F3020 doesn't match image C:\Users\maxo9\Documents\GitHub\groupe2_PROGJVAVANCEE_4A\bomberman\Library\ScriptAssemblies\Unity.CollabProxy.Editor.dll
Symbol file LoadedFromMemory is not a mono symbol file
Symbol file data-00000234FDEF1C80 doesn't match image C:\Users\maxo9\Documents\GitHub\groupe2_PROGJVAVANCEE_4A\bomberman\Library\ScriptAssemblies\UnityEditor.TestRunner.dll
Symbol file LoadedFromMemory is not a mono symbol file
Symbol file data-00000234F4C75350 doesn't match image C:\Users\maxo9\Documents\GitHub\groupe2_PROGJVAVANCEE_4A\bomberman\Library\ScriptAssemblies\UnityEditor.UI.dll
Symbol file LoadedFromMemory is not a mono symbol file
Symbol file data-00000234F8F64020 doesn't match image C:\Users\maxo9\Documents\GitHub\groupe2_PROGJVAVANCEE_4A\bomberman\Library\ScriptAssemblies\Unity.PlasticSCM.Editor.dll
Symbol file LoadedFromMemory is not a mono symbol file
Symbol file data-00000234F51F5880 doesn't match image C:\Users\maxo9\Documents\GitHub\groupe2_PROGJVAVANCEE_4A\bomberman\Library\ScriptAssemblies\Unity.Rider.Editor.dll
Symbol file LoadedFromMemory is not a mono symbol file
Symbol file data-00000234FCBA9020 doesn't match image C:\Users\maxo9\Documents\GitHub\groupe2_PROGJVAVANCEE_4A\bomberman\Library\ScriptAssemblies\UnityEngine.UI.dll
Symbol file LoadedFromMemory is not a mono symbol file
Native extension for WindowsStandalone target not found
Refreshing native plugins compatible for Editor in 0.83 ms, found 2 plugins.
Preloading 0 native plugins for Editor in 0.00 ms.
Mono: successfully reloaded assembly
- Completed reload, in  2.754 seconds
Domain Reload Profiling:
	ReloadAssembly (2754ms)
		BeginReloadAssembly (311ms)
			ExecutionOrderSort (0ms)
			DisableScriptedObjects (7ms)
			BackupInstance (0ms)
			ReleaseScriptingObjects (0ms)
			CreateAndSetChildDomain (78ms)
		EndReloadAssembly (2261ms)
			LoadAssemblies (279ms)
			RebuildTransferFunctionScriptingTraits (0ms)
			SetupTypeCache (1111ms)
			ReleaseScriptCaches (1ms)
			RebuildScriptCaches (62ms)
			SetupLoadedEditorAssemblies (664ms)
				LogAssemblyErrors (0ms)
				InitializePlatformSupportModulesInManaged (22ms)
				SetLoadedEditorAssemblies (2ms)
				RefreshPlugins (1ms)
				BeforeProcessingInitializeOnLoad (303ms)
				ProcessInitializeOnLoadAttributes (317ms)
				ProcessInitializeOnLoadMethodAttributes (6ms)
				AfterProcessingInitializeOnLoad (13ms)
				EditorAssembliesLoaded (0ms)
			ExecutionOrderSort2 (0ms)
			AwakeInstancesAfterBackupRestoration (10ms)
Platform modules already initialized, skipping
Refreshing native plugins compatible for Editor in 0.93 ms, found 2 plugins.
Preloading 0 native plugins for Editor in 0.00 ms.
Unloading 1410 Unused Serialized files (Serialized files now loaded: 0)
System memory in use before: 66.3 MB.
System memory in use after: 66.5 MB.

Unloading 11 unused Assets to reduce memory usage. Loaded Objects now: 1870.
Total: 9.058200 ms (FindLiveObjects: 0.357800 ms CreateObjectMapping: 0.167200 ms MarkObjects: 8.418900 ms  DeleteObjects: 0.110900 ms)

AssetImportParameters requested are different than current active one (requested -> active):
  custom:framework-win-MediaFoundation: 216162199b28c13a410421893ffa2e32 -> 
  custom:video-decoder-ogg-theora: a1e56fd34408186e4bbccfd4996cb3dc -> 
  custom:container-muxer-webm: aa71ff27fc2769a1b78a27578f13a17b -> 
  custom:container-demuxer-webm: 4f35f7cbe854078d1ac9338744f61a02 -> 
  custom:container-demuxer-ogg: 62fdf1f143b41e24485cea50d1cbac27 -> 
  custom:video-encoder-webm-vp8: eb34c28f22e8b96e1ab97ce403110664 -> 
  custom:video-codec-MediaFoundation-h265: 746d11721c4dcdbdad8f713fa42b33f4 -> 
  custom:video-decoder-webm-vp8: 9c59270c3fd7afecdb556c50c9e8de78 -> 
  custom:audio-decoder-ogg-vorbis: bf7c407c2cedff20999df2af8eb42d56 -> 
  custom:audio-encoder-webm-vorbis: bf7c407c2cedff20999df2af8eb42d56 -> 
========================================================================
Received Prepare
Registering precompiled user dll's ...
Registered in 0.006412 seconds.
Begin MonoManager ReloadAssembly
Symbol file data-00000234F9A89E50 doesn't match image C:\Users\maxo9\Documents\GitHub\groupe2_PROGJVAVANCEE_4A\bomberman\Library\ScriptAssemblies\Unity.VSCode.Editor.dll
Symbol file LoadedFromMemory is not a mono symbol file
Symbol file data-000002351F47B010 doesn't match image C:\Users\maxo9\Documents\GitHub\groupe2_PROGJVAVANCEE_4A\bomberman\Library\ScriptAssemblies\Unity.TextMeshPro.Editor.dll
Symbol file LoadedFromMemory is not a mono symbol file
Symbol file data-00000234F90A2820 doesn't match image C:\Users\maxo9\Documents\GitHub\groupe2_PROGJVAVANCEE_4A\bomberman\Library\ScriptAssemblies\Unity.VisualStudio.Editor.dll
Symbol file LoadedFromMemory is not a mono symbol file
Symbol file data-00000234F4CFB010 doesn't match image C:\Users\maxo9\Documents\GitHub\groupe2_PROGJVAVANCEE_4A\bomberman\Library\ScriptAssemblies\UnityEngine.TestRunner.dll
Symbol file LoadedFromMemory is not a mono symbol file
Symbol file data-00000234FDF1DCB0 doesn't match image C:\Users\maxo9\Documents\GitHub\groupe2_PROGJVAVANCEE_4A\bomberman\Library\ScriptAssemblies\Unity.Timeline.Editor.dll
Symbol file LoadedFromMemory is not a mono symbol file
Symbol file data-000002351F47B010 doesn't match image C:\Users\maxo9\Documents\GitHub\groupe2_PROGJVAVANCEE_4A\bomberman\Library\ScriptAssemblies\Unity.Timeline.dll
Symbol file LoadedFromMemory is not a mono symbol file
Symbol file data-00000234F4A6B390 doesn't match image C:\Users\maxo9\Documents\GitHub\groupe2_PROGJVAVANCEE_4A\bomberman\Library\ScriptAssemblies\Unity.TextMeshPro.dll
Symbol file LoadedFromMemory is not a mono symbol file
Symbol file data-00000234F4CFB010 doesn't match image C:\Users\maxo9\Documents\GitHub\groupe2_PROGJVAVANCEE_4A\bomberman\Library\ScriptAssemblies\Unity.CollabProxy.Editor.dll
Symbol file LoadedFromMemory is not a mono symbol file
Symbol file data-00000234FDEF1C80 doesn't match image C:\Users\maxo9\Documents\GitHub\groupe2_PROGJVAVANCEE_4A\bomberman\Library\ScriptAssemblies\UnityEditor.TestRunner.dll
Symbol file LoadedFromMemory is not a mono symbol file
Symbol file data-00000234F90A2820 doesn't match image C:\Users\maxo9\Documents\GitHub\groupe2_PROGJVAVANCEE_4A\bomberman\Library\ScriptAssemblies\UnityEditor.UI.dll
Symbol file LoadedFromMemory is not a mono symbol file
Symbol file data-00000234FAD1B410 doesn't match image C:\Users\maxo9\Documents\GitHub\groupe2_PROGJVAVANCEE_4A\bomberman\Library\ScriptAssemblies\Unity.PlasticSCM.Editor.dll
Symbol file LoadedFromMemory is not a mono symbol file
Symbol file data-00000234F9A20A30 doesn't match image C:\Users\maxo9\Documents\GitHub\groupe2_PROGJVAVANCEE_4A\bomberman\Library\ScriptAssemblies\Unity.Rider.Editor.dll
Symbol file LoadedFromMemory is not a mono symbol file
Symbol file data-00000234FCBA9020 doesn't match image C:\Users\maxo9\Documents\GitHub\groupe2_PROGJVAVANCEE_4A\bomberman\Library\ScriptAssemblies\UnityEngine.UI.dll
Symbol file LoadedFromMemory is not a mono symbol file
Native extension for WindowsStandalone target not found
Refreshing native plugins compatible for Editor in 0.38 ms, found 2 plugins.
Preloading 0 native plugins for Editor in 0.00 ms.
Mono: successfully reloaded assembly
- Completed reload, in  2.311 seconds
Domain Reload Profiling:
	ReloadAssembly (2312ms)
		BeginReloadAssembly (164ms)
			ExecutionOrderSort (0ms)
			DisableScriptedObjects (8ms)
			BackupInstance (0ms)
			ReleaseScriptingObjects (0ms)
			CreateAndSetChildDomain (44ms)
		EndReloadAssembly (2024ms)
			LoadAssemblies (144ms)
			RebuildTransferFunctionScriptingTraits (0ms)
			SetupTypeCache (873ms)
			ReleaseScriptCaches (4ms)
			RebuildScriptCaches (168ms)
			SetupLoadedEditorAssemblies (509ms)
				LogAssemblyErrors (0ms)
				InitializePlatformSupportModulesInManaged (8ms)
				SetLoadedEditorAssemblies (1ms)
				RefreshPlugins (0ms)
				BeforeProcessingInitializeOnLoad (133ms)
				ProcessInitializeOnLoadAttributes (337ms)
				ProcessInitializeOnLoadMethodAttributes (10ms)
				AfterProcessingInitializeOnLoad (20ms)
				EditorAssembliesLoaded (1ms)
			ExecutionOrderSort2 (0ms)
			AwakeInstancesAfterBackupRestoration (17ms)
Platform modules already initialized, skipping
Refreshing native plugins compatible for Editor in 0.79 ms, found 2 plugins.
Preloading 0 native plugins for Editor in 0.00 ms.
Unloading 1410 Unused Serialized files (Serialized files now loaded: 0)
System memory in use before: 66.4 MB.
System memory in use after: 66.5 MB.

Unloading 11 unused Assets to reduce memory usage. Loaded Objects now: 1872.
Total: 3.530600 ms (FindLiveObjects: 0.180900 ms CreateObjectMapping: 0.062200 ms MarkObjects: 3.266600 ms  DeleteObjects: 0.019800 ms)

AssetImportParameters requested are different than current active one (requested -> active):
  custom:framework-win-MediaFoundation: 216162199b28c13a410421893ffa2e32 -> 
  custom:video-decoder-ogg-theora: a1e56fd34408186e4bbccfd4996cb3dc -> 
  custom:container-muxer-webm: aa71ff27fc2769a1b78a27578f13a17b -> 
  custom:container-demuxer-webm: 4f35f7cbe854078d1ac9338744f61a02 -> 
  custom:container-demuxer-ogg: 62fdf1f143b41e24485cea50d1cbac27 -> 
  custom:video-encoder-webm-vp8: eb34c28f22e8b96e1ab97ce403110664 -> 
  custom:video-codec-MediaFoundation-h265: 746d11721c4dcdbdad8f713fa42b33f4 -> 
  custom:video-decoder-webm-vp8: 9c59270c3fd7afecdb556c50c9e8de78 -> 
  custom:audio-decoder-ogg-vorbis: bf7c407c2cedff20999df2af8eb42d56 -> 
  custom:audio-encoder-webm-vorbis: bf7c407c2cedff20999df2af8eb42d56 -> 
========================================================================
Received Import Request.
  Time since last request: 126.972531 seconds.
  path: Assets/Prefabs
  artifactKey: Guid(422eb7bf701622b44a634b8af9240ee7) Importer(815301076,1909f56bfc062723c751e8b465ee728b)
Start importing Assets/Prefabs using Guid(422eb7bf701622b44a634b8af9240ee7) Importer(815301076,1909f56bfc062723c751e8b465ee728b)  -> (artifact id: '3a9f58be430932977be06b018534cc21') in 0.021392 seconds 
  Import took 0.025659 seconds .

========================================================================
Received Import Request.
  Time since last request: 0.052986 seconds.
  path: Assets/Prefabs/Bomb.prefab
  artifactKey: Guid(f009f2c9732ab4d4b97ce27889c5fba2) Importer(815301076,1909f56bfc062723c751e8b465ee728b)
Start importing Assets/Prefabs/Bomb.prefab using Guid(f009f2c9732ab4d4b97ce27889c5fba2) Importer(815301076,1909f56bfc062723c751e8b465ee728b)  -> (artifact id: '64aaa0558fbe2fac4d1af5ced946562c') in 0.207433 seconds 
  Import took 0.213684 seconds .

========================================================================
Received Import Request.
  Time since last request: 0.000247 seconds.
  path: Assets/Prefabs/Player1Prefab.prefab
  artifactKey: Guid(3c42fb4df3861b448a46c59d4c1e8b97) Importer(815301076,1909f56bfc062723c751e8b465ee728b)
Start importing Assets/Prefabs/Player1Prefab.prefab using Guid(3c42fb4df3861b448a46c59d4c1e8b97) Importer(815301076,1909f56bfc062723c751e8b465ee728b)  -> (artifact id: 'd88e2be747842a089fd73f561b5c0b8a') in 0.031073 seconds 
  Import took 0.034504 seconds .

========================================================================
Received Import Request.
  Time since last request: 0.000255 seconds.
  path: Assets/Prefabs/ObjectLoaderHelper.prefab
  artifactKey: Guid(082689b2e88b2a14782aa484fdac0450) Importer(815301076,1909f56bfc062723c751e8b465ee728b)
Start importing Assets/Prefabs/ObjectLoaderHelper.prefab using Guid(082689b2e88b2a14782aa484fdac0450) Importer(815301076,1909f56bfc062723c751e8b465ee728b)  -> (artifact id: 'a644cd9bcd32f6209a8cde3c120e4d6a') in 0.013512 seconds 
  Import took 0.017296 seconds .

========================================================================
Received Import Request.
  Time since last request: 1.276806 seconds.
  path: Assets/Prefabs/UI
  artifactKey: Guid(a9a263ad7ed23b240918c2745136f9c4) Importer(815301076,1909f56bfc062723c751e8b465ee728b)
Start importing Assets/Prefabs/UI using Guid(a9a263ad7ed23b240918c2745136f9c4) Importer(815301076,1909f56bfc062723c751e8b465ee728b)  -> (artifact id: '826a51b144ddf24a4cd7af6e2cc3d798') in 0.036406 seconds 
  Import took 0.047393 seconds .

========================================================================
Received Import Request.
  Time since last request: 0.041095 seconds.
  path: Assets/Prefabs/UI/GameUI.prefab
  artifactKey: Guid(af1898ccf7b09544dabb8616c7be25cf) Importer(815301076,1909f56bfc062723c751e8b465ee728b)
Start importing Assets/Prefabs/UI/GameUI.prefab using Guid(af1898ccf7b09544dabb8616c7be25cf) Importer(815301076,1909f56bfc062723c751e8b465ee728b)  -> (artifact id: '0deffcb45bbdb3f404c873eae24c06ff') in 0.178866 seconds 
  Import took 0.187511 seconds .

========================================================================
Received Import Request.
  Time since last request: 0.000471 seconds.
  path: Assets/Prefabs/UI/PlayMode.prefab
  artifactKey: Guid(395b011b3fa56ca4eb3fef75730a84b7) Importer(815301076,1909f56bfc062723c751e8b465ee728b)
Start importing Assets/Prefabs/UI/PlayMode.prefab using Guid(395b011b3fa56ca4eb3fef75730a84b7) Importer(815301076,1909f56bfc062723c751e8b465ee728b)  -> (artifact id: '03ff1a5d633c9727ea1db97ca44cc956') in 0.084532 seconds 
  Import took 0.089979 seconds .

========================================================================
Received Import Request.
  Time since last request: 0.000420 seconds.
  path: Assets/Prefabs/UI/PlayModeAgent.prefab
  artifactKey: Guid(0f1617603d7dfb3489da086342a5db29) Importer(815301076,1909f56bfc062723c751e8b465ee728b)
Start importing Assets/Prefabs/UI/PlayModeAgent.prefab using Guid(0f1617603d7dfb3489da086342a5db29) Importer(815301076,1909f56bfc062723c751e8b465ee728b)  -> (artifact id: 'fa72309f92c83ee3c65b3aad02b43493') in 0.006353 seconds 
  Import took 0.009947 seconds .

========================================================================
Received Import Request.
  Time since last request: 0.000304 seconds.
  path: Assets/Prefabs/UI/UI.prefab
  artifactKey: Guid(bd02182ddbd3111459db4b8392f10726) Importer(815301076,1909f56bfc062723c751e8b465ee728b)
Start importing Assets/Prefabs/UI/UI.prefab using Guid(bd02182ddbd3111459db4b8392f10726) Importer(815301076,1909f56bfc062723c751e8b465ee728b)  -> (artifact id: 'b9c3fec58ae06a2d0953f51963d9d6f3') in 0.085695 seconds 
  Import took 0.090248 seconds .

========================================================================
Received Import Request.
  Time since last request: 0.000444 seconds.
  path: Assets/Prefabs/UI/Main Menu.prefab
  artifactKey: Guid(9c0e879388d8b1241a4666e8dd88923c) Importer(815301076,1909f56bfc062723c751e8b465ee728b)
Start importing Assets/Prefabs/UI/Main Menu.prefab using Guid(9c0e879388d8b1241a4666e8dd88923c) Importer(815301076,1909f56bfc062723c751e8b465ee728b)  -> (artifact id: '64b3eb9fb5811b31e2355f8bebca9fae') in 0.217559 seconds 
  Import took 0.225029 seconds .

========================================================================
Received Import Request.
  Time since last request: 0.000453 seconds.
  path: Assets/Prefabs/UI/OldMainMenu.prefab
  artifactKey: Guid(b600ea52f11150142a37c4d470f83e4e) Importer(815301076,1909f56bfc062723c751e8b465ee728b)
Start importing Assets/Prefabs/UI/OldMainMenu.prefab using Guid(b600ea52f11150142a37c4d470f83e4e) Importer(815301076,1909f56bfc062723c751e8b465ee728b)  -> (artifact id: '72285de58572e4fbbfc2f3abb13fab6f') in 0.105005 seconds 
  Import took 0.116585 seconds .

========================================================================
Received Import Request.
  Time since last request: 8.534616 seconds.
  path: Assets/Scenes/MainGame.unity
  artifactKey: Guid(9fc0d4010bbf28b4594072e72b8655ab) Importer(815301076,1909f56bfc062723c751e8b465ee728b)
Start importing Assets/Scenes/MainGame.unity using Guid(9fc0d4010bbf28b4594072e72b8655ab) Importer(815301076,1909f56bfc062723c751e8b465ee728b)  -> (artifact id: 'e5a98ad77247dae15638e07b604b95e1') in 0.012151 seconds 
  Import took 0.022974 seconds .

========================================================================
Received Prepare
Registering precompiled user dll's ...
Registered in 0.007241 seconds.
Begin MonoManager ReloadAssembly
Symbol file data-00000234FDAB3300 doesn't match image C:\Users\maxo9\Documents\GitHub\groupe2_PROGJVAVANCEE_4A\bomberman\Library\ScriptAssemblies\Unity.VSCode.Editor.dll
Symbol file LoadedFromMemory is not a mono symbol file
Symbol file data-000002351EBE8020 doesn't match image C:\Users\maxo9\Documents\GitHub\groupe2_PROGJVAVANCEE_4A\bomberman\Library\ScriptAssemblies\Unity.TextMeshPro.Editor.dll
Symbol file LoadedFromMemory is not a mono symbol file
Symbol file data-00000234F8F84030 doesn't match image C:\Users\maxo9\Documents\GitHub\groupe2_PROGJVAVANCEE_4A\bomberman\Library\ScriptAssemblies\Unity.VisualStudio.Editor.dll
Symbol file LoadedFromMemory is not a mono symbol file
Symbol file data-00000234FD8F9FC0 doesn't match image C:\Users\maxo9\Documents\GitHub\groupe2_PROGJVAVANCEE_4A\bomberman\Library\ScriptAssemblies\UnityEngine.TestRunner.dll
Symbol file LoadedFromMemory is not a mono symbol file
Symbol file data-000002351EC4C020 doesn't match image C:\Users\maxo9\Documents\GitHub\groupe2_PROGJVAVANCEE_4A\bomberman\Library\ScriptAssemblies\Unity.Timeline.Editor.dll
Symbol file LoadedFromMemory is not a mono symbol file
Symbol file data-00000234F90752C0 doesn't match image C:\Users\maxo9\Documents\GitHub\groupe2_PROGJVAVANCEE_4A\bomberman\Library\ScriptAssemblies\Unity.Timeline.dll
Symbol file LoadedFromMemory is not a mono symbol file
Symbol file data-00000234F91E3020 doesn't match image C:\Users\maxo9\Documents\GitHub\groupe2_PROGJVAVANCEE_4A\bomberman\Library\ScriptAssemblies\Unity.TextMeshPro.dll
Symbol file LoadedFromMemory is not a mono symbol file
Symbol file data-00000234FD8F9FC0 doesn't match image C:\Users\maxo9\Documents\GitHub\groupe2_PROGJVAVANCEE_4A\bomberman\Library\ScriptAssemblies\Unity.CollabProxy.Editor.dll
Symbol file LoadedFromMemory is not a mono symbol file
Symbol file data-000002351FB58CC0 doesn't match image C:\Users\maxo9\Documents\GitHub\groupe2_PROGJVAVANCEE_4A\bomberman\Library\ScriptAssemblies\UnityEditor.TestRunner.dll
Symbol file LoadedFromMemory is not a mono symbol file
Symbol file data-00000234FDBEC850 doesn't match image C:\Users\maxo9\Documents\GitHub\groupe2_PROGJVAVANCEE_4A\bomberman\Library\ScriptAssemblies\UnityEditor.UI.dll
Symbol file LoadedFromMemory is not a mono symbol file
Symbol file data-00000234F5320150 doesn't match image C:\Users\maxo9\Documents\GitHub\groupe2_PROGJVAVANCEE_4A\bomberman\Library\ScriptAssemblies\Unity.PlasticSCM.Editor.dll
Symbol file LoadedFromMemory is not a mono symbol file
Symbol file data-00000234F8F8E5A0 doesn't match image C:\Users\maxo9\Documents\GitHub\groupe2_PROGJVAVANCEE_4A\bomberman\Library\ScriptAssemblies\Unity.Rider.Editor.dll
Symbol file LoadedFromMemory is not a mono symbol file
Symbol file data-00000234FCE5AEF0 doesn't match image C:\Users\maxo9\Documents\GitHub\groupe2_PROGJVAVANCEE_4A\bomberman\Library\ScriptAssemblies\UnityEngine.UI.dll
Symbol file LoadedFromMemory is not a mono symbol file
Native extension for WindowsStandalone target not found
Refreshing native plugins compatible for Editor in 0.69 ms, found 2 plugins.
Preloading 0 native plugins for Editor in 0.00 ms.
Mono: successfully reloaded assembly
- Completed reload, in  2.489 seconds
Domain Reload Profiling:
	ReloadAssembly (2491ms)
		BeginReloadAssembly (413ms)
			ExecutionOrderSort (0ms)
			DisableScriptedObjects (15ms)
			BackupInstance (0ms)
			ReleaseScriptingObjects (0ms)
			CreateAndSetChildDomain (139ms)
		EndReloadAssembly (1964ms)
			LoadAssemblies (257ms)
			RebuildTransferFunctionScriptingTraits (0ms)
			SetupTypeCache (600ms)
			ReleaseScriptCaches (1ms)
			RebuildScriptCaches (109ms)
			SetupLoadedEditorAssemblies (722ms)
				LogAssemblyErrors (0ms)
				InitializePlatformSupportModulesInManaged (8ms)
				SetLoadedEditorAssemblies (1ms)
				RefreshPlugins (1ms)
				BeforeProcessingInitializeOnLoad (196ms)
				ProcessInitializeOnLoadAttributes (479ms)
				ProcessInitializeOnLoadMethodAttributes (12ms)
				AfterProcessingInitializeOnLoad (24ms)
				EditorAssembliesLoaded (1ms)
			ExecutionOrderSort2 (0ms)
			AwakeInstancesAfterBackupRestoration (16ms)
Platform modules already initialized, skipping
Refreshing native plugins compatible for Editor in 1.03 ms, found 2 plugins.
Preloading 0 native plugins for Editor in 0.00 ms.
Unloading 1410 Unused Serialized files (Serialized files now loaded: 0)
System memory in use before: 69.6 MB.
System memory in use after: 69.7 MB.

Unloading 17 unused Assets to reduce memory usage. Loaded Objects now: 1883.
Total: 7.479200 ms (FindLiveObjects: 0.402500 ms CreateObjectMapping: 0.149100 ms MarkObjects: 6.834300 ms  DeleteObjects: 0.089200 ms)

AssetImportParameters requested are different than current active one (requested -> active):
  custom:framework-win-MediaFoundation: 216162199b28c13a410421893ffa2e32 -> 
  custom:video-decoder-ogg-theora: a1e56fd34408186e4bbccfd4996cb3dc -> 
  custom:container-muxer-webm: aa71ff27fc2769a1b78a27578f13a17b -> 
  custom:container-demuxer-webm: 4f35f7cbe854078d1ac9338744f61a02 -> 
  custom:container-demuxer-ogg: 62fdf1f143b41e24485cea50d1cbac27 -> 
  custom:video-encoder-webm-vp8: eb34c28f22e8b96e1ab97ce403110664 -> 
  custom:video-codec-MediaFoundation-h265: 746d11721c4dcdbdad8f713fa42b33f4 -> 
  custom:video-decoder-webm-vp8: 9c59270c3fd7afecdb556c50c9e8de78 -> 
  custom:audio-decoder-ogg-vorbis: bf7c407c2cedff20999df2af8eb42d56 -> 
  custom:audio-encoder-webm-vorbis: bf7c407c2cedff20999df2af8eb42d56 -> 
========================================================================
Received Prepare
Registering precompiled user dll's ...
Registered in 0.006395 seconds.
Begin MonoManager ReloadAssembly
Symbol file data-00000234FD77F0D0 doesn't match image C:\Users\maxo9\Documents\GitHub\groupe2_PROGJVAVANCEE_4A\bomberman\Library\ScriptAssemblies\Unity.VSCode.Editor.dll
Symbol file LoadedFromMemory is not a mono symbol file
Symbol file data-000002351FB58CC0 doesn't match image C:\Users\maxo9\Documents\GitHub\groupe2_PROGJVAVANCEE_4A\bomberman\Library\ScriptAssemblies\Unity.TextMeshPro.Editor.dll
Symbol file LoadedFromMemory is not a mono symbol file
Symbol file data-00000234F8F84030 doesn't match image C:\Users\maxo9\Documents\GitHub\groupe2_PROGJVAVANCEE_4A\bomberman\Library\ScriptAssemblies\Unity.VisualStudio.Editor.dll
Symbol file LoadedFromMemory is not a mono symbol file
Symbol file data-00000234FDA09D80 doesn't match image C:\Users\maxo9\Documents\GitHub\groupe2_PROGJVAVANCEE_4A\bomberman\Library\ScriptAssemblies\UnityEngine.TestRunner.dll
Symbol file LoadedFromMemory is not a mono symbol file
Symbol file data-00000234FC7ADFE0 doesn't match image C:\Users\maxo9\Documents\GitHub\groupe2_PROGJVAVANCEE_4A\bomberman\Library\ScriptAssemblies\Unity.Timeline.Editor.dll
Symbol file LoadedFromMemory is not a mono symbol file
Symbol file data-00000234F90752C0 doesn't match image C:\Users\maxo9\Documents\GitHub\groupe2_PROGJVAVANCEE_4A\bomberman\Library\ScriptAssemblies\Unity.Timeline.dll
Symbol file LoadedFromMemory is not a mono symbol file
Symbol file data-00000234F9381010 doesn't match image C:\Users\maxo9\Documents\GitHub\groupe2_PROGJVAVANCEE_4A\bomberman\Library\ScriptAssemblies\Unity.TextMeshPro.dll
Symbol file LoadedFromMemory is not a mono symbol file
Symbol file data-00000234FCE6AF00 doesn't match image C:\Users\maxo9\Documents\GitHub\groupe2_PROGJVAVANCEE_4A\bomberman\Library\ScriptAssemblies\Unity.CollabProxy.Editor.dll
Symbol file LoadedFromMemory is not a mono symbol file
Symbol file data-00000234FAD09020 doesn't match image C:\Users\maxo9\Documents\GitHub\groupe2_PROGJVAVANCEE_4A\bomberman\Library\ScriptAssemblies\UnityEditor.TestRunner.dll
Symbol file LoadedFromMemory is not a mono symbol file
Symbol file data-00000234FDBEC850 doesn't match image C:\Users\maxo9\Documents\GitHub\groupe2_PROGJVAVANCEE_4A\bomberman\Library\ScriptAssemblies\UnityEditor.UI.dll
Symbol file LoadedFromMemory is not a mono symbol file
Symbol file data-000002351F659010 doesn't match image C:\Users\maxo9\Documents\GitHub\groupe2_PROGJVAVANCEE_4A\bomberman\Library\ScriptAssemblies\Unity.PlasticSCM.Editor.dll
Symbol file LoadedFromMemory is not a mono symbol file
Symbol file data-00000234F8F8E5A0 doesn't match image C:\Users\maxo9\Documents\GitHub\groupe2_PROGJVAVANCEE_4A\bomberman\Library\ScriptAssemblies\Unity.Rider.Editor.dll
Symbol file LoadedFromMemory is not a mono symbol file
Symbol file data-00000234F9A0C020 doesn't match image C:\Users\maxo9\Documents\GitHub\groupe2_PROGJVAVANCEE_4A\bomberman\Library\ScriptAssemblies\UnityEngine.UI.dll
Symbol file LoadedFromMemory is not a mono symbol file
Native extension for WindowsStandalone target not found
Refreshing native plugins compatible for Editor in 0.63 ms, found 2 plugins.
Preloading 0 native plugins for Editor in 0.00 ms.
Mono: successfully reloaded assembly
- Completed reload, in  2.554 seconds
Domain Reload Profiling:
	ReloadAssembly (2555ms)
		BeginReloadAssembly (250ms)
			ExecutionOrderSort (0ms)
			DisableScriptedObjects (6ms)
			BackupInstance (0ms)
			ReleaseScriptingObjects (0ms)
			CreateAndSetChildDomain (59ms)
		EndReloadAssembly (2108ms)
			LoadAssemblies (249ms)
			RebuildTransferFunctionScriptingTraits (0ms)
			SetupTypeCache (806ms)
			ReleaseScriptCaches (1ms)
			RebuildScriptCaches (107ms)
			SetupLoadedEditorAssemblies (615ms)
				LogAssemblyErrors (0ms)
				InitializePlatformSupportModulesInManaged (17ms)
				SetLoadedEditorAssemblies (1ms)
				RefreshPlugins (1ms)
				BeforeProcessingInitializeOnLoad (228ms)
				ProcessInitializeOnLoadAttributes (352ms)
				ProcessInitializeOnLoadMethodAttributes (5ms)
				AfterProcessingInitializeOnLoad (10ms)
				EditorAssembliesLoaded (0ms)
			ExecutionOrderSort2 (0ms)
			AwakeInstancesAfterBackupRestoration (9ms)
Platform modules already initialized, skipping
Refreshing native plugins compatible for Editor in 0.61 ms, found 2 plugins.
Preloading 0 native plugins for Editor in 0.00 ms.
Unloading 1410 Unused Serialized files (Serialized files now loaded: 0)
System memory in use before: 69.6 MB.
System memory in use after: 69.7 MB.

Unloading 11 unused Assets to reduce memory usage. Loaded Objects now: 1885.
Total: 3.822000 ms (FindLiveObjects: 0.171000 ms CreateObjectMapping: 0.056500 ms MarkObjects: 3.565600 ms  DeleteObjects: 0.027400 ms)

AssetImportParameters requested are different than current active one (requested -> active):
  custom:framework-win-MediaFoundation: 216162199b28c13a410421893ffa2e32 -> 
  custom:video-decoder-ogg-theora: a1e56fd34408186e4bbccfd4996cb3dc -> 
  custom:container-muxer-webm: aa71ff27fc2769a1b78a27578f13a17b -> 
  custom:container-demuxer-webm: 4f35f7cbe854078d1ac9338744f61a02 -> 
  custom:container-demuxer-ogg: 62fdf1f143b41e24485cea50d1cbac27 -> 
  custom:video-encoder-webm-vp8: eb34c28f22e8b96e1ab97ce403110664 -> 
  custom:video-codec-MediaFoundation-h265: 746d11721c4dcdbdad8f713fa42b33f4 -> 
  custom:video-decoder-webm-vp8: 9c59270c3fd7afecdb556c50c9e8de78 -> 
  custom:audio-decoder-ogg-vorbis: bf7c407c2cedff20999df2af8eb42d56 -> 
  custom:audio-encoder-webm-vorbis: bf7c407c2cedff20999df2af8eb42d56 -> 
========================================================================
Received Prepare
Registering precompiled user dll's ...
Registered in 0.004730 seconds.
Begin MonoManager ReloadAssembly
Symbol file data-00000234FDAD2B60 doesn't match image C:\Users\maxo9\Documents\GitHub\groupe2_PROGJVAVANCEE_4A\bomberman\Library\ScriptAssemblies\Unity.VSCode.Editor.dll
Symbol file LoadedFromMemory is not a mono symbol file
Symbol file data-000002351F831040 doesn't match image C:\Users\maxo9\Documents\GitHub\groupe2_PROGJVAVANCEE_4A\bomberman\Library\ScriptAssemblies\Unity.TextMeshPro.Editor.dll
Symbol file LoadedFromMemory is not a mono symbol file
Symbol file data-00000234F4C75350 doesn't match image C:\Users\maxo9\Documents\GitHub\groupe2_PROGJVAVANCEE_4A\bomberman\Library\ScriptAssemblies\Unity.VisualStudio.Editor.dll
Symbol file LoadedFromMemory is not a mono symbol file
Symbol file data-00000234FDA09D80 doesn't match image C:\Users\maxo9\Documents\GitHub\groupe2_PROGJVAVANCEE_4A\bomberman\Library\ScriptAssemblies\UnityEngine.TestRunner.dll
Symbol file LoadedFromMemory is not a mono symbol file
Symbol file data-000002351EC4C020 doesn't match image C:\Users\maxo9\Documents\GitHub\groupe2_PROGJVAVANCEE_4A\bomberman\Library\ScriptAssemblies\Unity.Timeline.Editor.dll
Symbol file LoadedFromMemory is not a mono symbol file
Symbol file data-00000234F90752C0 doesn't match image C:\Users\maxo9\Documents\GitHub\groupe2_PROGJVAVANCEE_4A\bomberman\Library\ScriptAssemblies\Unity.Timeline.dll
Symbol file LoadedFromMemory is not a mono symbol file
Symbol file data-00000234FD848FD0 doesn't match image C:\Users\maxo9\Documents\GitHub\groupe2_PROGJVAVANCEE_4A\bomberman\Library\ScriptAssemblies\Unity.TextMeshPro.dll
Symbol file LoadedFromMemory is not a mono symbol file
Symbol file data-00000234FCE6AF00 doesn't match image C:\Users\maxo9\Documents\GitHub\groupe2_PROGJVAVANCEE_4A\bomberman\Library\ScriptAssemblies\Unity.CollabProxy.Editor.dll
Symbol file LoadedFromMemory is not a mono symbol file
Symbol file data-00000234FAD09020 doesn't match image C:\Users\maxo9\Documents\GitHub\groupe2_PROGJVAVANCEE_4A\bomberman\Library\ScriptAssemblies\UnityEditor.TestRunner.dll
Symbol file LoadedFromMemory is not a mono symbol file
Symbol file data-00000234F4C75350 doesn't match image C:\Users\maxo9\Documents\GitHub\groupe2_PROGJVAVANCEE_4A\bomberman\Library\ScriptAssemblies\UnityEditor.UI.dll
Symbol file LoadedFromMemory is not a mono symbol file
Symbol file data-00000234F52E2020 doesn't match image C:\Users\maxo9\Documents\GitHub\groupe2_PROGJVAVANCEE_4A\bomberman\Library\ScriptAssemblies\Unity.PlasticSCM.Editor.dll
Symbol file LoadedFromMemory is not a mono symbol file
Symbol file data-00000234FDFBE020 doesn't match image C:\Users\maxo9\Documents\GitHub\groupe2_PROGJVAVANCEE_4A\bomberman\Library\ScriptAssemblies\Unity.Rider.Editor.dll
Symbol file LoadedFromMemory is not a mono symbol file
Symbol file data-00000234FC63E010 doesn't match image C:\Users\maxo9\Documents\GitHub\groupe2_PROGJVAVANCEE_4A\bomberman\Library\ScriptAssemblies\UnityEngine.UI.dll
Symbol file LoadedFromMemory is not a mono symbol file
Native extension for WindowsStandalone target not found
Refreshing native plugins compatible for Editor in 0.49 ms, found 2 plugins.
Preloading 0 native plugins for Editor in 0.00 ms.
Mono: successfully reloaded assembly
- Completed reload, in  1.987 seconds
Domain Reload Profiling:
	ReloadAssembly (1989ms)
		BeginReloadAssembly (325ms)
			ExecutionOrderSort (0ms)
			DisableScriptedObjects (22ms)
			BackupInstance (0ms)
			ReleaseScriptingObjects (0ms)
			CreateAndSetChildDomain (115ms)
		EndReloadAssembly (1545ms)
			LoadAssemblies (222ms)
			RebuildTransferFunctionScriptingTraits (0ms)
			SetupTypeCache (456ms)
			ReleaseScriptCaches (1ms)
			RebuildScriptCaches (112ms)
			SetupLoadedEditorAssemblies (541ms)
				LogAssemblyErrors (0ms)
				InitializePlatformSupportModulesInManaged (7ms)
				SetLoadedEditorAssemblies (1ms)
				RefreshPlugins (1ms)
				BeforeProcessingInitializeOnLoad (155ms)
				ProcessInitializeOnLoadAttributes (355ms)
				ProcessInitializeOnLoadMethodAttributes (8ms)
				AfterProcessingInitializeOnLoad (13ms)
				EditorAssembliesLoaded (0ms)
			ExecutionOrderSort2 (0ms)
			AwakeInstancesAfterBackupRestoration (14ms)
Platform modules already initialized, skipping
Refreshing native plugins compatible for Editor in 0.78 ms, found 2 plugins.
Preloading 0 native plugins for Editor in 0.00 ms.
Unloading 1410 Unused Serialized files (Serialized files now loaded: 0)
System memory in use before: 69.6 MB.
System memory in use after: 69.8 MB.

Unloading 11 unused Assets to reduce memory usage. Loaded Objects now: 1887.
Total: 7.152500 ms (FindLiveObjects: 0.345800 ms CreateObjectMapping: 0.113000 ms MarkObjects: 6.644500 ms  DeleteObjects: 0.046500 ms)

AssetImportParameters requested are different than current active one (requested -> active):
  custom:framework-win-MediaFoundation: 216162199b28c13a410421893ffa2e32 -> 
  custom:video-decoder-ogg-theora: a1e56fd34408186e4bbccfd4996cb3dc -> 
  custom:container-muxer-webm: aa71ff27fc2769a1b78a27578f13a17b -> 
  custom:container-demuxer-webm: 4f35f7cbe854078d1ac9338744f61a02 -> 
  custom:container-demuxer-ogg: 62fdf1f143b41e24485cea50d1cbac27 -> 
  custom:video-encoder-webm-vp8: eb34c28f22e8b96e1ab97ce403110664 -> 
  custom:video-codec-MediaFoundation-h265: 746d11721c4dcdbdad8f713fa42b33f4 -> 
  custom:video-decoder-webm-vp8: 9c59270c3fd7afecdb556c50c9e8de78 -> 
  custom:audio-decoder-ogg-vorbis: bf7c407c2cedff20999df2af8eb42d56 -> 
  custom:audio-encoder-webm-vorbis: bf7c407c2cedff20999df2af8eb42d56 -> 
========================================================================
Received Import Request.
  Time since last request: 479.661898 seconds.
  path: Assets/Prefabs/Bomb.prefab
  artifactKey: Guid(f009f2c9732ab4d4b97ce27889c5fba2) Importer(815301076,1909f56bfc062723c751e8b465ee728b)
Start importing Assets/Prefabs/Bomb.prefab using Guid(f009f2c9732ab4d4b97ce27889c5fba2) Importer(815301076,1909f56bfc062723c751e8b465ee728b)  -> (artifact id: 'f647e8b53f30c13025b5e2dc72850a05') in 0.105600 seconds 
  Import took 0.109781 seconds .

========================================================================
Received Import Request.
  Time since last request: 24.672183 seconds.
  path: Assets/Prefabs/Bomb.prefab
  artifactKey: Guid(f009f2c9732ab4d4b97ce27889c5fba2) Importer(815301076,1909f56bfc062723c751e8b465ee728b)
Start importing Assets/Prefabs/Bomb.prefab using Guid(f009f2c9732ab4d4b97ce27889c5fba2) Importer(815301076,1909f56bfc062723c751e8b465ee728b)  -> (artifact id: '3a99a0c8df5c7bdb70d9e166ffdd779d') in 0.049052 seconds 
  Import took 0.057371 seconds .

========================================================================
Received Import Request.
  Time since last request: 5.853873 seconds.
  path: Assets/Prefabs/Bomb.prefab
  artifactKey: Guid(f009f2c9732ab4d4b97ce27889c5fba2) Importer(815301076,1909f56bfc062723c751e8b465ee728b)
Start importing Assets/Prefabs/Bomb.prefab using Guid(f009f2c9732ab4d4b97ce27889c5fba2) Importer(815301076,1909f56bfc062723c751e8b465ee728b)  -> (artifact id: '5d6eb1c51c4ecf2f078c728e137bd50f') in 0.053244 seconds 
  Import took 0.062054 seconds .

========================================================================
Received Import Request.
  Time since last request: 7.035376 seconds.
  path: Assets/Prefabs/Bomb.prefab
  artifactKey: Guid(f009f2c9732ab4d4b97ce27889c5fba2) Importer(815301076,1909f56bfc062723c751e8b465ee728b)
Start importing Assets/Prefabs/Bomb.prefab using Guid(f009f2c9732ab4d4b97ce27889c5fba2) Importer(815301076,1909f56bfc062723c751e8b465ee728b)  -> (artifact id: '7de1b22252b774876c77c32e68b015f1') in 0.044762 seconds 
  Import took 0.055923 seconds .

========================================================================
Received Prepare
Registering precompiled user dll's ...
Registered in 0.007567 seconds.
Begin MonoManager ReloadAssembly
Symbol file data-00000234FDAB3300 doesn't match image C:\Users\maxo9\Documents\GitHub\groupe2_PROGJVAVANCEE_4A\bomberman\Library\ScriptAssemblies\Unity.VSCode.Editor.dll
Symbol file LoadedFromMemory is not a mono symbol file
Symbol file data-00000234FDAA3010 doesn't match image C:\Users\maxo9\Documents\GitHub\groupe2_PROGJVAVANCEE_4A\bomberman\Library\ScriptAssemblies\Unity.TextMeshPro.Editor.dll
Symbol file LoadedFromMemory is not a mono symbol file
Symbol file data-00000234F4C75350 doesn't match image C:\Users\maxo9\Documents\GitHub\groupe2_PROGJVAVANCEE_4A\bomberman\Library\ScriptAssemblies\Unity.VisualStudio.Editor.dll
Symbol file LoadedFromMemory is not a mono symbol file
Symbol file data-000002351FDA5570 doesn't match image C:\Users\maxo9\Documents\GitHub\groupe2_PROGJVAVANCEE_4A\bomberman\Library\ScriptAssemblies\UnityEngine.TestRunner.dll
Symbol file LoadedFromMemory is not a mono symbol file
Symbol file data-00000234FB0C7F00 doesn't match image C:\Users\maxo9\Documents\GitHub\groupe2_PROGJVAVANCEE_4A\bomberman\Library\ScriptAssemblies\Unity.Timeline.Editor.dll
Symbol file LoadedFromMemory is not a mono symbol file
Symbol file data-00000234FDF0CD70 doesn't match image C:\Users\maxo9\Documents\GitHub\groupe2_PROGJVAVANCEE_4A\bomberman\Library\ScriptAssemblies\Unity.Timeline.dll
Symbol file LoadedFromMemory is not a mono symbol file
Symbol file data-00000234FD809D80 doesn't match image C:\Users\maxo9\Documents\GitHub\groupe2_PROGJVAVANCEE_4A\bomberman\Library\ScriptAssemblies\Unity.TextMeshPro.dll
Symbol file LoadedFromMemory is not a mono symbol file
Symbol file data-000002351FDA5570 doesn't match image C:\Users\maxo9\Documents\GitHub\groupe2_PROGJVAVANCEE_4A\bomberman\Library\ScriptAssemblies\Unity.CollabProxy.Editor.dll
Symbol file LoadedFromMemory is not a mono symbol file
Symbol file data-00000235203D2FE0 doesn't match image C:\Users\maxo9\Documents\GitHub\groupe2_PROGJVAVANCEE_4A\bomberman\Library\ScriptAssemblies\UnityEditor.TestRunner.dll
Symbol file LoadedFromMemory is not a mono symbol file
Symbol file data-00000234F4C75350 doesn't match image C:\Users\maxo9\Documents\GitHub\groupe2_PROGJVAVANCEE_4A\bomberman\Library\ScriptAssemblies\UnityEditor.UI.dll
Symbol file LoadedFromMemory is not a mono symbol file
Symbol file data-00000234FC61C030 doesn't match image C:\Users\maxo9\Documents\GitHub\groupe2_PROGJVAVANCEE_4A\bomberman\Library\ScriptAssemblies\Unity.PlasticSCM.Editor.dll
Symbol file LoadedFromMemory is not a mono symbol file
Symbol file data-00000234F8F84030 doesn't match image C:\Users\maxo9\Documents\GitHub\groupe2_PROGJVAVANCEE_4A\bomberman\Library\ScriptAssemblies\Unity.Rider.Editor.dll
Symbol file LoadedFromMemory is not a mono symbol file
Symbol file data-000002351EFC2BA0 doesn't match image C:\Users\maxo9\Documents\GitHub\groupe2_PROGJVAVANCEE_4A\bomberman\Library\ScriptAssemblies\UnityEngine.UI.dll
Symbol file LoadedFromMemory is not a mono symbol file
Native extension for WindowsStandalone target not found
Refreshing native plugins compatible for Editor in 0.56 ms, found 2 plugins.
Preloading 0 native plugins for Editor in 0.00 ms.
Mono: successfully reloaded assembly
- Completed reload, in  1.869 seconds
Domain Reload Profiling:
	ReloadAssembly (1869ms)
		BeginReloadAssembly (273ms)
			ExecutionOrderSort (0ms)
			DisableScriptedObjects (7ms)
			BackupInstance (0ms)
			ReleaseScriptingObjects (0ms)
			CreateAndSetChildDomain (59ms)
		EndReloadAssembly (1393ms)
			LoadAssemblies (277ms)
			RebuildTransferFunctionScriptingTraits (0ms)
			SetupTypeCache (528ms)
			ReleaseScriptCaches (1ms)
			RebuildScriptCaches (63ms)
			SetupLoadedEditorAssemblies (427ms)
				LogAssemblyErrors (0ms)
				InitializePlatformSupportModulesInManaged (7ms)
				SetLoadedEditorAssemblies (1ms)
				RefreshPlugins (1ms)
				BeforeProcessingInitializeOnLoad (115ms)
				ProcessInitializeOnLoadAttributes (280ms)
				ProcessInitializeOnLoadMethodAttributes (7ms)
				AfterProcessingInitializeOnLoad (16ms)
				EditorAssembliesLoaded (1ms)
			ExecutionOrderSort2 (0ms)
			AwakeInstancesAfterBackupRestoration (18ms)
Platform modules already initialized, skipping
Refreshing native plugins compatible for Editor in 0.61 ms, found 2 plugins.
Preloading 0 native plugins for Editor in 0.00 ms.
Unloading 1410 Unused Serialized files (Serialized files now loaded: 0)
System memory in use before: 69.7 MB.
System memory in use after: 69.8 MB.

Unloading 13 unused Assets to reduce memory usage. Loaded Objects now: 1890.
Total: 5.775200 ms (FindLiveObjects: 0.291200 ms CreateObjectMapping: 0.103300 ms MarkObjects: 5.310500 ms  DeleteObjects: 0.068200 ms)

AssetImportParameters requested are different than current active one (requested -> active):
  custom:framework-win-MediaFoundation: 216162199b28c13a410421893ffa2e32 -> 
  custom:video-decoder-ogg-theora: a1e56fd34408186e4bbccfd4996cb3dc -> 
  custom:container-muxer-webm: aa71ff27fc2769a1b78a27578f13a17b -> 
  custom:container-demuxer-webm: 4f35f7cbe854078d1ac9338744f61a02 -> 
  custom:container-demuxer-ogg: 62fdf1f143b41e24485cea50d1cbac27 -> 
  custom:video-encoder-webm-vp8: eb34c28f22e8b96e1ab97ce403110664 -> 
  custom:video-codec-MediaFoundation-h265: 746d11721c4dcdbdad8f713fa42b33f4 -> 
  custom:video-decoder-webm-vp8: 9c59270c3fd7afecdb556c50c9e8de78 -> 
  custom:audio-decoder-ogg-vorbis: bf7c407c2cedff20999df2af8eb42d56 -> 
  custom:audio-encoder-webm-vorbis: bf7c407c2cedff20999df2af8eb42d56 -> 
========================================================================
Received Import Request.
  Time since last request: 14.912283 seconds.
  path: Assets/Prefabs/Bomb.prefab
  artifactKey: Guid(f009f2c9732ab4d4b97ce27889c5fba2) Importer(815301076,1909f56bfc062723c751e8b465ee728b)
Start importing Assets/Prefabs/Bomb.prefab using Guid(f009f2c9732ab4d4b97ce27889c5fba2) Importer(815301076,1909f56bfc062723c751e8b465ee728b)  -> (artifact id: '02a47f2877fd8bf373c1d57f01bbe8d1') in 0.126210 seconds 
  Import took 0.130733 seconds .

========================================================================
Received Prepare
Registering precompiled user dll's ...
Registered in 0.005086 seconds.
Begin MonoManager ReloadAssembly
Symbol file data-00000234FCE94030 doesn't match image C:\Users\maxo9\Documents\GitHub\groupe2_PROGJVAVANCEE_4A\bomberman\Library\ScriptAssemblies\Unity.VSCode.Editor.dll
Symbol file LoadedFromMemory is not a mono symbol file
Symbol file data-00000234FDAA3010 doesn't match image C:\Users\maxo9\Documents\GitHub\groupe2_PROGJVAVANCEE_4A\bomberman\Library\ScriptAssemblies\Unity.TextMeshPro.Editor.dll
Symbol file LoadedFromMemory is not a mono symbol file
Symbol file data-00000234F4C75350 doesn't match image C:\Users\maxo9\Documents\GitHub\groupe2_PROGJVAVANCEE_4A\bomberman\Library\ScriptAssemblies\Unity.VisualStudio.Editor.dll
Symbol file LoadedFromMemory is not a mono symbol file
Symbol file data-000002351FDA5570 doesn't match image C:\Users\maxo9\Documents\GitHub\groupe2_PROGJVAVANCEE_4A\bomberman\Library\ScriptAssemblies\UnityEngine.TestRunner.dll
Symbol file LoadedFromMemory is not a mono symbol file
Symbol file data-00000234FDCA1F50 doesn't match image C:\Users\maxo9\Documents\GitHub\groupe2_PROGJVAVANCEE_4A\bomberman\Library\ScriptAssemblies\Unity.Timeline.Editor.dll
Symbol file LoadedFromMemory is not a mono symbol file
Symbol file data-00000234FD875210 doesn't match image C:\Users\maxo9\Documents\GitHub\groupe2_PROGJVAVANCEE_4A\bomberman\Library\ScriptAssemblies\Unity.Timeline.dll
Symbol file LoadedFromMemory is not a mono symbol file
Symbol file data-00000234FD848FD0 doesn't match image C:\Users\maxo9\Documents\GitHub\groupe2_PROGJVAVANCEE_4A\bomberman\Library\ScriptAssemblies\Unity.TextMeshPro.dll
Symbol file LoadedFromMemory is not a mono symbol file
Symbol file data-000002351FDA5570 doesn't match image C:\Users\maxo9\Documents\GitHub\groupe2_PROGJVAVANCEE_4A\bomberman\Library\ScriptAssemblies\Unity.CollabProxy.Editor.dll
Symbol file LoadedFromMemory is not a mono symbol file
Symbol file data-00000234FDD88670 doesn't match image C:\Users\maxo9\Documents\GitHub\groupe2_PROGJVAVANCEE_4A\bomberman\Library\ScriptAssemblies\UnityEditor.TestRunner.dll
Symbol file LoadedFromMemory is not a mono symbol file
Symbol file data-00000234FDBEC850 doesn't match image C:\Users\maxo9\Documents\GitHub\groupe2_PROGJVAVANCEE_4A\bomberman\Library\ScriptAssemblies\UnityEditor.UI.dll
Symbol file LoadedFromMemory is not a mono symbol file
Symbol file data-00000234F4BBBDF0 doesn't match image C:\Users\maxo9\Documents\GitHub\groupe2_PROGJVAVANCEE_4A\bomberman\Library\ScriptAssemblies\Unity.PlasticSCM.Editor.dll
Symbol file LoadedFromMemory is not a mono symbol file
Symbol file data-00000234F8F8E5A0 doesn't match image C:\Users\maxo9\Documents\GitHub\groupe2_PROGJVAVANCEE_4A\bomberman\Library\ScriptAssemblies\Unity.Rider.Editor.dll
Symbol file LoadedFromMemory is not a mono symbol file
Symbol file data-00000234F9A0C020 doesn't match image C:\Users\maxo9\Documents\GitHub\groupe2_PROGJVAVANCEE_4A\bomberman\Library\ScriptAssemblies\UnityEngine.UI.dll
Symbol file LoadedFromMemory is not a mono symbol file
Native extension for WindowsStandalone target not found
Refreshing native plugins compatible for Editor in 0.43 ms, found 2 plugins.
Preloading 0 native plugins for Editor in 0.00 ms.
Mono: successfully reloaded assembly
- Completed reload, in  2.127 seconds
Domain Reload Profiling:
	ReloadAssembly (2128ms)
		BeginReloadAssembly (182ms)
			ExecutionOrderSort (0ms)
			DisableScriptedObjects (6ms)
			BackupInstance (0ms)
			ReleaseScriptingObjects (0ms)
			CreateAndSetChildDomain (49ms)
		EndReloadAssembly (1805ms)
			LoadAssemblies (196ms)
			RebuildTransferFunctionScriptingTraits (0ms)
			SetupTypeCache (751ms)
			ReleaseScriptCaches (2ms)
			RebuildScriptCaches (165ms)
			SetupLoadedEditorAssemblies (419ms)
				LogAssemblyErrors (0ms)
				InitializePlatformSupportModulesInManaged (10ms)
				SetLoadedEditorAssemblies (1ms)
				RefreshPlugins (1ms)
				BeforeProcessingInitializeOnLoad (134ms)
				ProcessInitializeOnLoadAttributes (254ms)
				ProcessInitializeOnLoadMethodAttributes (7ms)
				AfterProcessingInitializeOnLoad (13ms)
				EditorAssembliesLoaded (0ms)
			ExecutionOrderSort2 (0ms)
			AwakeInstancesAfterBackupRestoration (13ms)
Platform modules already initialized, skipping
Refreshing native plugins compatible for Editor in 0.40 ms, found 2 plugins.
Preloading 0 native plugins for Editor in 0.00 ms.
Unloading 1410 Unused Serialized files (Serialized files now loaded: 0)
System memory in use before: 69.7 MB.
System memory in use after: 69.8 MB.

Unloading 11 unused Assets to reduce memory usage. Loaded Objects now: 1893.
Total: 4.132100 ms (FindLiveObjects: 0.170700 ms CreateObjectMapping: 0.058800 ms MarkObjects: 3.878700 ms  DeleteObjects: 0.022400 ms)

AssetImportParameters requested are different than current active one (requested -> active):
  custom:framework-win-MediaFoundation: 216162199b28c13a410421893ffa2e32 -> 
  custom:video-decoder-ogg-theora: a1e56fd34408186e4bbccfd4996cb3dc -> 
  custom:container-muxer-webm: aa71ff27fc2769a1b78a27578f13a17b -> 
  custom:container-demuxer-webm: 4f35f7cbe854078d1ac9338744f61a02 -> 
  custom:container-demuxer-ogg: 62fdf1f143b41e24485cea50d1cbac27 -> 
  custom:video-encoder-webm-vp8: eb34c28f22e8b96e1ab97ce403110664 -> 
  custom:video-codec-MediaFoundation-h265: 746d11721c4dcdbdad8f713fa42b33f4 -> 
  custom:video-decoder-webm-vp8: 9c59270c3fd7afecdb556c50c9e8de78 -> 
  custom:audio-decoder-ogg-vorbis: bf7c407c2cedff20999df2af8eb42d56 -> 
  custom:audio-encoder-webm-vorbis: bf7c407c2cedff20999df2af8eb42d56 -> 
========================================================================
Received Prepare
Registering precompiled user dll's ...
Registered in 0.004464 seconds.
Begin MonoManager ReloadAssembly
Symbol file data-00000234FB0B0030 doesn't match image C:\Users\maxo9\Documents\GitHub\groupe2_PROGJVAVANCEE_4A\bomberman\Library\ScriptAssemblies\Unity.VSCode.Editor.dll
Symbol file LoadedFromMemory is not a mono symbol file
Symbol file data-00000234FDAA3010 doesn't match image C:\Users\maxo9\Documents\GitHub\groupe2_PROGJVAVANCEE_4A\bomberman\Library\ScriptAssemblies\Unity.TextMeshPro.Editor.dll
Symbol file LoadedFromMemory is not a mono symbol file
Symbol file data-00000234F4C75350 doesn't match image C:\Users\maxo9\Documents\GitHub\groupe2_PROGJVAVANCEE_4A\bomberman\Library\ScriptAssemblies\Unity.VisualStudio.Editor.dll
Symbol file LoadedFromMemory is not a mono symbol file
Symbol file data-000002351FDA5570 doesn't match image C:\Users\maxo9\Documents\GitHub\groupe2_PROGJVAVANCEE_4A\bomberman\Library\ScriptAssemblies\UnityEngine.TestRunner.dll
Symbol file LoadedFromMemory is not a mono symbol file
Symbol file data-000002351FDF4050 doesn't match image C:\Users\maxo9\Documents\GitHub\groupe2_PROGJVAVANCEE_4A\bomberman\Library\ScriptAssemblies\Unity.Timeline.Editor.dll
Symbol file LoadedFromMemory is not a mono symbol file
Symbol file data-00000234FD875210 doesn't match image C:\Users\maxo9\Documents\GitHub\groupe2_PROGJVAVANCEE_4A\bomberman\Library\ScriptAssemblies\Unity.Timeline.dll
Symbol file LoadedFromMemory is not a mono symbol file
Symbol file data-00000234FD848FD0 doesn't match image C:\Users\maxo9\Documents\GitHub\groupe2_PROGJVAVANCEE_4A\bomberman\Library\ScriptAssemblies\Unity.TextMeshPro.dll
Symbol file LoadedFromMemory is not a mono symbol file
Symbol file data-000002351FDA5570 doesn't match image C:\Users\maxo9\Documents\GitHub\groupe2_PROGJVAVANCEE_4A\bomberman\Library\ScriptAssemblies\Unity.CollabProxy.Editor.dll
Symbol file LoadedFromMemory is not a mono symbol file
Symbol file data-00000234F4CFB010 doesn't match image C:\Users\maxo9\Documents\GitHub\groupe2_PROGJVAVANCEE_4A\bomberman\Library\ScriptAssemblies\UnityEditor.TestRunner.dll
Symbol file LoadedFromMemory is not a mono symbol file
Symbol file data-00000234FDBEC850 doesn't match image C:\Users\maxo9\Documents\GitHub\groupe2_PROGJVAVANCEE_4A\bomberman\Library\ScriptAssemblies\UnityEditor.UI.dll
Symbol file LoadedFromMemory is not a mono symbol file
Symbol file data-00000234F9E4B020 doesn't match image C:\Users\maxo9\Documents\GitHub\groupe2_PROGJVAVANCEE_4A\bomberman\Library\ScriptAssemblies\Unity.PlasticSCM.Editor.dll
Symbol file LoadedFromMemory is not a mono symbol file
Symbol file data-00000234F8F8E5A0 doesn't match image C:\Users\maxo9\Documents\GitHub\groupe2_PROGJVAVANCEE_4A\bomberman\Library\ScriptAssemblies\Unity.Rider.Editor.dll
Symbol file LoadedFromMemory is not a mono symbol file
Symbol file data-00000234F96F7020 doesn't match image C:\Users\maxo9\Documents\GitHub\groupe2_PROGJVAVANCEE_4A\bomberman\Library\ScriptAssemblies\UnityEngine.UI.dll
Symbol file LoadedFromMemory is not a mono symbol file
Native extension for WindowsStandalone target not found
Refreshing native plugins compatible for Editor in 0.84 ms, found 2 plugins.
Preloading 0 native plugins for Editor in 0.00 ms.
Mono: successfully reloaded assembly
- Completed reload, in  2.448 seconds
Domain Reload Profiling:
	ReloadAssembly (2449ms)
		BeginReloadAssembly (244ms)
			ExecutionOrderSort (0ms)
			DisableScriptedObjects (18ms)
			BackupInstance (0ms)
			ReleaseScriptingObjects (0ms)
			CreateAndSetChildDomain (75ms)
		EndReloadAssembly (2009ms)
			LoadAssemblies (220ms)
			RebuildTransferFunctionScriptingTraits (0ms)
			SetupTypeCache (599ms)
			ReleaseScriptCaches (2ms)
			RebuildScriptCaches (85ms)
			SetupLoadedEditorAssemblies (874ms)
				LogAssemblyErrors (0ms)
				InitializePlatformSupportModulesInManaged (22ms)
				SetLoadedEditorAssemblies (2ms)
				RefreshPlugins (1ms)
				BeforeProcessingInitializeOnLoad (290ms)
				ProcessInitializeOnLoadAttributes (536ms)
				ProcessInitializeOnLoadMethodAttributes (9ms)
				AfterProcessingInitializeOnLoad (13ms)
				EditorAssembliesLoaded (0ms)
			ExecutionOrderSort2 (0ms)
			AwakeInstancesAfterBackupRestoration (13ms)
Platform modules already initialized, skipping
Refreshing native plugins compatible for Editor in 0.53 ms, found 2 plugins.
Preloading 0 native plugins for Editor in 0.00 ms.
Unloading 1410 Unused Serialized files (Serialized files now loaded: 0)
System memory in use before: 69.7 MB.
System memory in use after: 69.8 MB.

Unloading 11 unused Assets to reduce memory usage. Loaded Objects now: 1895.
Total: 3.706800 ms (FindLiveObjects: 0.171600 ms CreateObjectMapping: 0.061200 ms MarkObjects: 3.440300 ms  DeleteObjects: 0.031400 ms)

AssetImportParameters requested are different than current active one (requested -> active):
  custom:framework-win-MediaFoundation: 216162199b28c13a410421893ffa2e32 -> 
  custom:video-decoder-ogg-theora: a1e56fd34408186e4bbccfd4996cb3dc -> 
  custom:container-muxer-webm: aa71ff27fc2769a1b78a27578f13a17b -> 
  custom:container-demuxer-webm: 4f35f7cbe854078d1ac9338744f61a02 -> 
  custom:container-demuxer-ogg: 62fdf1f143b41e24485cea50d1cbac27 -> 
  custom:video-encoder-webm-vp8: eb34c28f22e8b96e1ab97ce403110664 -> 
  custom:video-codec-MediaFoundation-h265: 746d11721c4dcdbdad8f713fa42b33f4 -> 
  custom:video-decoder-webm-vp8: 9c59270c3fd7afecdb556c50c9e8de78 -> 
  custom:audio-decoder-ogg-vorbis: bf7c407c2cedff20999df2af8eb42d56 -> 
  custom:audio-encoder-webm-vorbis: bf7c407c2cedff20999df2af8eb42d56 -> 
========================================================================
Received Import Request.
  Time since last request: 468.429105 seconds.
  path: Assets/Scenes/MainGame.unity
  artifactKey: Guid(9fc0d4010bbf28b4594072e72b8655ab) Importer(815301076,1909f56bfc062723c751e8b465ee728b)
Start importing Assets/Scenes/MainGame.unity using Guid(9fc0d4010bbf28b4594072e72b8655ab) Importer(815301076,1909f56bfc062723c751e8b465ee728b)  -> (artifact id: 'd1c96d8fe63909eb81e70289e8cdfdd4') in 0.033021 seconds 
  Import took 0.040808 seconds .

========================================================================
Received Prepare
Registering precompiled user dll's ...
Registered in 0.003145 seconds.
Begin MonoManager ReloadAssembly
Symbol file data-00000234F9D46C40 doesn't match image C:\Users\maxo9\Documents\GitHub\groupe2_PROGJVAVANCEE_4A\bomberman\Library\ScriptAssemblies\Unity.VSCode.Editor.dll
Symbol file LoadedFromMemory is not a mono symbol file
Symbol file data-000002351F6ED020 doesn't match image C:\Users\maxo9\Documents\GitHub\groupe2_PROGJVAVANCEE_4A\bomberman\Library\ScriptAssemblies\Unity.TextMeshPro.Editor.dll
Symbol file LoadedFromMemory is not a mono symbol file
Symbol file data-00000234F4C75350 doesn't match image C:\Users\maxo9\Documents\GitHub\groupe2_PROGJVAVANCEE_4A\bomberman\Library\ScriptAssemblies\Unity.VisualStudio.Editor.dll
Symbol file LoadedFromMemory is not a mono symbol file
Symbol file data-000002352023F630 doesn't match image C:\Users\maxo9\Documents\GitHub\groupe2_PROGJVAVANCEE_4A\bomberman\Library\ScriptAssemblies\UnityEngine.TestRunner.dll
Symbol file LoadedFromMemory is not a mono symbol file
Symbol file data-000002351FF0C030 doesn't match image C:\Users\maxo9\Documents\GitHub\groupe2_PROGJVAVANCEE_4A\bomberman\Library\ScriptAssemblies\Unity.Timeline.Editor.dll
Symbol file LoadedFromMemory is not a mono symbol file
Symbol file data-00000234FD875210 doesn't match image C:\Users\maxo9\Documents\GitHub\groupe2_PROGJVAVANCEE_4A\bomberman\Library\ScriptAssemblies\Unity.Timeline.dll
Symbol file LoadedFromMemory is not a mono symbol file
Symbol file data-000002352020E010 doesn't match image C:\Users\maxo9\Documents\GitHub\groupe2_PROGJVAVANCEE_4A\bomberman\Library\ScriptAssemblies\Unity.TextMeshPro.dll
Symbol file LoadedFromMemory is not a mono symbol file
Symbol file data-000002352023F630 doesn't match image C:\Users\maxo9\Documents\GitHub\groupe2_PROGJVAVANCEE_4A\bomberman\Library\ScriptAssemblies\Unity.CollabProxy.Editor.dll
Symbol file LoadedFromMemory is not a mono symbol file
Symbol file data-00000234FAD09020 doesn't match image C:\Users\maxo9\Documents\GitHub\groupe2_PROGJVAVANCEE_4A\bomberman\Library\ScriptAssemblies\UnityEditor.TestRunner.dll
Symbol file LoadedFromMemory is not a mono symbol file
Symbol file data-00000234F4C75350 doesn't match image C:\Users\maxo9\Documents\GitHub\groupe2_PROGJVAVANCEE_4A\bomberman\Library\ScriptAssemblies\UnityEditor.UI.dll
Symbol file LoadedFromMemory is not a mono symbol file
Symbol file data-00000234FD794A30 doesn't match image C:\Users\maxo9\Documents\GitHub\groupe2_PROGJVAVANCEE_4A\bomberman\Library\ScriptAssemblies\Unity.PlasticSCM.Editor.dll
Symbol file LoadedFromMemory is not a mono symbol file
Symbol file data-00000234F8F8E5A0 doesn't match image C:\Users\maxo9\Documents\GitHub\groupe2_PROGJVAVANCEE_4A\bomberman\Library\ScriptAssemblies\Unity.Rider.Editor.dll
Symbol file LoadedFromMemory is not a mono symbol file
Symbol file data-00000234FDD68670 doesn't match image C:\Users\maxo9\Documents\GitHub\groupe2_PROGJVAVANCEE_4A\bomberman\Library\ScriptAssemblies\UnityEngine.UI.dll
Symbol file LoadedFromMemory is not a mono symbol file
Native extension for WindowsStandalone target not found
Refreshing native plugins compatible for Editor in 0.63 ms, found 2 plugins.
Preloading 0 native plugins for Editor in 0.00 ms.
Mono: successfully reloaded assembly
- Completed reload, in  0.957 seconds
Domain Reload Profiling:
	ReloadAssembly (957ms)
		BeginReloadAssembly (115ms)
			ExecutionOrderSort (0ms)
			DisableScriptedObjects (4ms)
			BackupInstance (0ms)
			ReleaseScriptingObjects (0ms)
			CreateAndSetChildDomain (30ms)
		EndReloadAssembly (777ms)
			LoadAssemblies (90ms)
			RebuildTransferFunctionScriptingTraits (0ms)
			SetupTypeCache (259ms)
			ReleaseScriptCaches (1ms)
			RebuildScriptCaches (37ms)
			SetupLoadedEditorAssemblies (293ms)
				LogAssemblyErrors (0ms)
				InitializePlatformSupportModulesInManaged (11ms)
				SetLoadedEditorAssemblies (1ms)
				RefreshPlugins (1ms)
				BeforeProcessingInitializeOnLoad (84ms)
				ProcessInitializeOnLoadAttributes (184ms)
				ProcessInitializeOnLoadMethodAttributes (4ms)
				AfterProcessingInitializeOnLoad (7ms)
				EditorAssembliesLoaded (0ms)
			ExecutionOrderSort2 (0ms)
			AwakeInstancesAfterBackupRestoration (6ms)
Platform modules already initialized, skipping
Refreshing native plugins compatible for Editor in 0.40 ms, found 2 plugins.
Preloading 0 native plugins for Editor in 0.00 ms.
Unloading 1410 Unused Serialized files (Serialized files now loaded: 0)
System memory in use before: 69.8 MB.
System memory in use after: 69.9 MB.

Unloading 11 unused Assets to reduce memory usage. Loaded Objects now: 1897.
Total: 2.830400 ms (FindLiveObjects: 0.149300 ms CreateObjectMapping: 0.038400 ms MarkObjects: 2.626600 ms  DeleteObjects: 0.014900 ms)

AssetImportParameters requested are different than current active one (requested -> active):
  custom:framework-win-MediaFoundation: 216162199b28c13a410421893ffa2e32 -> 
  custom:video-decoder-ogg-theora: a1e56fd34408186e4bbccfd4996cb3dc -> 
  custom:container-muxer-webm: aa71ff27fc2769a1b78a27578f13a17b -> 
  custom:container-demuxer-webm: 4f35f7cbe854078d1ac9338744f61a02 -> 
  custom:container-demuxer-ogg: 62fdf1f143b41e24485cea50d1cbac27 -> 
  custom:video-encoder-webm-vp8: eb34c28f22e8b96e1ab97ce403110664 -> 
  custom:video-codec-MediaFoundation-h265: 746d11721c4dcdbdad8f713fa42b33f4 -> 
  custom:video-decoder-webm-vp8: 9c59270c3fd7afecdb556c50c9e8de78 -> 
  custom:audio-decoder-ogg-vorbis: bf7c407c2cedff20999df2af8eb42d56 -> 
  custom:audio-encoder-webm-vorbis: bf7c407c2cedff20999df2af8eb42d56 -> 
========================================================================
Received Prepare
Registering precompiled user dll's ...
Registered in 0.003823 seconds.
Begin MonoManager ReloadAssembly
Symbol file data-00000234F9CDD990 doesn't match image C:\Users\maxo9\Documents\GitHub\groupe2_PROGJVAVANCEE_4A\bomberman\Library\ScriptAssemblies\Unity.VSCode.Editor.dll
Symbol file LoadedFromMemory is not a mono symbol file
Symbol file data-000002351F6ED020 doesn't match image C:\Users\maxo9\Documents\GitHub\groupe2_PROGJVAVANCEE_4A\bomberman\Library\ScriptAssemblies\Unity.TextMeshPro.Editor.dll
Symbol file LoadedFromMemory is not a mono symbol file
Symbol file data-00000234F4C75350 doesn't match image C:\Users\maxo9\Documents\GitHub\groupe2_PROGJVAVANCEE_4A\bomberman\Library\ScriptAssemblies\Unity.VisualStudio.Editor.dll
Symbol file LoadedFromMemory is not a mono symbol file
Symbol file data-000002351EFD4010 doesn't match image C:\Users\maxo9\Documents\GitHub\groupe2_PROGJVAVANCEE_4A\bomberman\Library\ScriptAssemblies\UnityEngine.TestRunner.dll
Symbol file LoadedFromMemory is not a mono symbol file
Symbol file data-000002351FD4E420 doesn't match image C:\Users\maxo9\Documents\GitHub\groupe2_PROGJVAVANCEE_4A\bomberman\Library\ScriptAssemblies\Unity.Timeline.Editor.dll
Symbol file LoadedFromMemory is not a mono symbol file
Symbol file data-00000234FD875210 doesn't match image C:\Users\maxo9\Documents\GitHub\groupe2_PROGJVAVANCEE_4A\bomberman\Library\ScriptAssemblies\Unity.Timeline.dll
Symbol file LoadedFromMemory is not a mono symbol file
Symbol file data-00000234FD808D70 doesn't match image C:\Users\maxo9\Documents\GitHub\groupe2_PROGJVAVANCEE_4A\bomberman\Library\ScriptAssemblies\Unity.TextMeshPro.dll
Symbol file LoadedFromMemory is not a mono symbol file
Symbol file data-000002351EFD4010 doesn't match image C:\Users\maxo9\Documents\GitHub\groupe2_PROGJVAVANCEE_4A\bomberman\Library\ScriptAssemblies\Unity.CollabProxy.Editor.dll
Symbol file LoadedFromMemory is not a mono symbol file
Symbol file data-00000234FAD09020 doesn't match image C:\Users\maxo9\Documents\GitHub\groupe2_PROGJVAVANCEE_4A\bomberman\Library\ScriptAssemblies\UnityEditor.TestRunner.dll
Symbol file LoadedFromMemory is not a mono symbol file
Symbol file data-00000234F4C75350 doesn't match image C:\Users\maxo9\Documents\GitHub\groupe2_PROGJVAVANCEE_4A\bomberman\Library\ScriptAssemblies\UnityEditor.UI.dll
Symbol file LoadedFromMemory is not a mono symbol file
Symbol file data-00000234F4BBBDF0 doesn't match image C:\Users\maxo9\Documents\GitHub\groupe2_PROGJVAVANCEE_4A\bomberman\Library\ScriptAssemblies\Unity.PlasticSCM.Editor.dll
Symbol file LoadedFromMemory is not a mono symbol file
Symbol file data-00000234F8F8E5A0 doesn't match image C:\Users\maxo9\Documents\GitHub\groupe2_PROGJVAVANCEE_4A\bomberman\Library\ScriptAssemblies\Unity.Rider.Editor.dll
Symbol file LoadedFromMemory is not a mono symbol file
Symbol file data-00000234FDD68670 doesn't match image C:\Users\maxo9\Documents\GitHub\groupe2_PROGJVAVANCEE_4A\bomberman\Library\ScriptAssemblies\UnityEngine.UI.dll
Symbol file LoadedFromMemory is not a mono symbol file
Native extension for WindowsStandalone target not found
Refreshing native plugins compatible for Editor in 0.29 ms, found 2 plugins.
Preloading 0 native plugins for Editor in 0.00 ms.
Mono: successfully reloaded assembly
- Completed reload, in  0.970 seconds
Domain Reload Profiling:
	ReloadAssembly (971ms)
		BeginReloadAssembly (115ms)
			ExecutionOrderSort (0ms)
			DisableScriptedObjects (5ms)
			BackupInstance (0ms)
			ReleaseScriptingObjects (0ms)
			CreateAndSetChildDomain (31ms)
		EndReloadAssembly (795ms)
			LoadAssemblies (81ms)
			RebuildTransferFunctionScriptingTraits (0ms)
			SetupTypeCache (237ms)
			ReleaseScriptCaches (1ms)
			RebuildScriptCaches (34ms)
			SetupLoadedEditorAssemblies (352ms)
				LogAssemblyErrors (0ms)
				InitializePlatformSupportModulesInManaged (5ms)
				SetLoadedEditorAssemblies (0ms)
				RefreshPlugins (0ms)
				BeforeProcessingInitializeOnLoad (78ms)
				ProcessInitializeOnLoadAttributes (257ms)
				ProcessInitializeOnLoadMethodAttributes (4ms)
				AfterProcessingInitializeOnLoad (7ms)
				EditorAssembliesLoaded (0ms)
			ExecutionOrderSort2 (0ms)
			AwakeInstancesAfterBackupRestoration (7ms)
Platform modules already initialized, skipping
Refreshing native plugins compatible for Editor in 0.38 ms, found 2 plugins.
Preloading 0 native plugins for Editor in 0.00 ms.
Unloading 1410 Unused Serialized files (Serialized files now loaded: 0)
System memory in use before: 69.8 MB.
System memory in use after: 69.9 MB.

Unloading 11 unused Assets to reduce memory usage. Loaded Objects now: 1899.
Total: 2.989700 ms (FindLiveObjects: 0.155300 ms CreateObjectMapping: 0.044500 ms MarkObjects: 2.771200 ms  DeleteObjects: 0.017400 ms)

AssetImportParameters requested are different than current active one (requested -> active):
  custom:framework-win-MediaFoundation: 216162199b28c13a410421893ffa2e32 -> 
  custom:video-decoder-ogg-theora: a1e56fd34408186e4bbccfd4996cb3dc -> 
  custom:container-muxer-webm: aa71ff27fc2769a1b78a27578f13a17b -> 
  custom:container-demuxer-webm: 4f35f7cbe854078d1ac9338744f61a02 -> 
  custom:container-demuxer-ogg: 62fdf1f143b41e24485cea50d1cbac27 -> 
  custom:video-encoder-webm-vp8: eb34c28f22e8b96e1ab97ce403110664 -> 
  custom:video-codec-MediaFoundation-h265: 746d11721c4dcdbdad8f713fa42b33f4 -> 
  custom:video-decoder-webm-vp8: 9c59270c3fd7afecdb556c50c9e8de78 -> 
  custom:audio-decoder-ogg-vorbis: bf7c407c2cedff20999df2af8eb42d56 -> 
  custom:audio-encoder-webm-vorbis: bf7c407c2cedff20999df2af8eb42d56 -> 
AssetImportWorkerClient::OnTransportError - code=2 error=End of file
